# JRE version: OpenJDK Runtime Environment (14.0.1+14) (build 14.0.1+14)
# Java VM: OpenJDK 64-Bit Server VM (14.0.1+14, mixed mode, sharing, tiered, compressed oops, g1 gc, bsd-amd64)
Heap:
 garbage-first heap   total 71680K, used 55716K [0x0000000780000000, 0x0000000800000000)
  region size 1024K, 28 young (28672K), 3 survivors (3072K)
 Metaspace       used 51230K, capacity 52558K, committed 53020K, reserved 1095680K
  class space    used 6986K, capacity 7492K, committed 7532K, reserved 1048576K
GC Heap History (20 events):
Event: 8.306 GC heap after
{Heap after GC invocations=11 (full 0):
 garbage-first heap   total 58368K, used 16323K [0x0000000780000000, 0x0000000800000000)
  region size 1024K, 2 young (2048K), 2 survivors (2048K)
 Metaspace       used 25927K, capacity 26875K, committed 27184K, reserved 1073152K
  class space    used 3480K, capacity 3865K, committed 3968K, reserved 1048576K
}
Event: 8.529 GC heap before
{Heap before GC invocations=11 (full 0):
 garbage-first heap   total 58368K, used 44995K [0x0000000780000000, 0x0000000800000000)
  region size 1024K, 31 young (31744K), 2 survivors (2048K)
 Metaspace       used 27305K, capacity 28302K, committed 28592K, reserved 1073152K
  class space    used 3665K, capacity 4057K, committed 4096K, reserved 1048576K
}
Event: 8.533 GC heap after
{Heap after GC invocations=12 (full 0):
 garbage-first heap   total 58368K, used 16904K [0x0000000780000000, 0x0000000800000000)
  region size 1024K, 2 young (2048K), 2 survivors (2048K)
 Metaspace       used 27305K, capacity 28302K, committed 28592K, reserved 1073152K
  class space    used 3665K, capacity 4057K, committed 4096K, reserved 1048576K
}
Event: 8.854 GC heap before
{Heap before GC invocations=12 (full 0):
 garbage-first heap   total 58368K, used 45576K [0x0000000780000000, 0x0000000800000000)
  region size 1024K, 31 young (31744K), 2 survivors (2048K)
 Metaspace       used 30817K, capacity 31811K, committed 32176K, reserved 1077248K
  class space    used 4125K, capacity 4495K, committed 4608K, reserved 1048576K
}
Event: 8.860 GC heap after
{Heap after GC invocations=13 (full 0):
 garbage-first heap   total 58368K, used 18279K [0x0000000780000000, 0x0000000800000000)
  region size 1024K, 4 young (4096K), 4 survivors (4096K)
 Metaspace       used 30817K, capacity 31811K, committed 32176K, reserved 1077248K
  class space    used 4125K, capacity 4495K, committed 4608K, reserved 1048576K
}
Event: 9.079 GC heap before
{Heap before GC invocations=13 (full 0):
 garbage-first heap   total 58368K, used 45927K [0x0000000780000000, 0x0000000800000000)
  region size 1024K, 31 young (31744K), 4 survivors (4096K)
 Metaspace       used 33833K, capacity 34913K, committed 35248K, reserved 1079296K
  class space    used 4629K, capacity 5058K, committed 5120K, reserved 1048576K
}
Event: 9.089 GC heap after
{Heap after GC invocations=14 (full 0):
 garbage-first heap   total 58368K, used 19532K [0x0000000780000000, 0x0000000800000000)
  region size 1024K, 3 young (3072K), 3 survivors (3072K)
 Metaspace       used 33833K, capacity 34913K, committed 35248K, reserved 1079296K
  class space    used 4629K, capacity 5058K, committed 5120K, reserved 1048576K
}
Event: 9.136 GC heap before
{Heap before GC invocations=14 (full 0):
 garbage-first heap   total 58368K, used 24652K [0x0000000780000000, 0x0000000800000000)
  region size 1024K, 9 young (9216K), 3 survivors (3072K)
 Metaspace       used 34649K, capacity 35774K, committed 35888K, reserved 1079296K
  class space    used 4792K, capacity 5239K, committed 5248K, reserved 1048576K
}
Event: 9.142 GC heap after
{Heap after GC invocations=15 (full 0):
 garbage-first heap   total 58368K, used 19865K [0x0000000780000000, 0x0000000800000000)
  region size 1024K, 2 young (2048K), 2 survivors (2048K)
 Metaspace       used 34649K, capacity 35774K, committed 35888K, reserved 1079296K
  class space    used 4792K, capacity 5239K, committed 5248K, reserved 1048576K
}
Event: 9.374 GC heap before
{Heap before GC invocations=16 (full 0):
 garbage-first heap   total 58368K, used 48537K [0x0000000780000000, 0x0000000800000000)
  region size 1024K, 28 young (28672K), 2 survivors (2048K)
 Metaspace       used 38621K, capacity 39735K, committed 40220K, reserved 1083392K
  class space    used 5200K, capacity 5623K, committed 5740K, reserved 1048576K
}
Event: 9.380 GC heap after
{Heap after GC invocations=17 (full 0):
 garbage-first heap   total 58368K, used 21554K [0x0000000780000000, 0x0000000800000000)
  region size 1024K, 4 young (4096K), 4 survivors (4096K)
 Metaspace       used 38621K, capacity 39735K, committed 40220K, reserved 1083392K
  class space    used 5200K, capacity 5623K, committed 5740K, reserved 1048576K
}
Event: 9.598 GC heap before
{Heap before GC invocations=18 (full 0):
 garbage-first heap   total 58368K, used 45106K [0x0000000780000000, 0x0000000800000000)
  region size 1024K, 27 young (27648K), 4 survivors (4096K)
 Metaspace       used 41624K, capacity 42779K, committed 43164K, reserved 1087488K
  class space    used 5576K, capacity 6012K, committed 6124K, reserved 1048576K
}
Event: 9.609 GC heap after
{Heap after GC invocations=19 (full 0):
 garbage-first heap   total 58368K, used 25101K [0x0000000780000000, 0x0000000800000000)
  region size 1024K, 4 young (4096K), 4 survivors (4096K)
 Metaspace       used 41624K, capacity 42779K, committed 43164K, reserved 1087488K
  class space    used 5576K, capacity 6012K, committed 6124K, reserved 1048576K
}
Event: 9.886 GC heap before
{Heap before GC invocations=19 (full 0):
 garbage-first heap   total 58368K, used 45581K [0x0000000780000000, 0x0000000800000000)
  region size 1024K, 24 young (24576K), 4 survivors (4096K)
 Metaspace       used 45611K, capacity 46826K, committed 47260K, reserved 1089536K
  class space    used 6118K, capacity 6570K, committed 6636K, reserved 1048576K
}
Event: 9.896 GC heap after
{Heap after GC invocations=20 (full 0):
 garbage-first heap   total 71680K, used 26778K [0x0000000780000000, 0x0000000800000000)
  region size 1024K, 2 young (2048K), 2 survivors (2048K)
 Metaspace       used 45611K, capacity 46826K, committed 47260K, reserved 1089536K
  class space    used 6118K, capacity 6570K, committed 6636K, reserved 1048576K
}
Event: 10.097 GC heap before
{Heap before GC invocations=20 (full 0):
 garbage-first heap   total 71680K, used 54426K [0x0000000780000000, 0x0000000800000000)
  region size 1024K, 30 young (30720K), 2 survivors (2048K)
 Metaspace       used 47382K, capacity 48701K, committed 49052K, reserved 1091584K
  class space    used 6353K, capacity 6831K, committed 6892K, reserved 1048576K
}
Event: 10.102 GC heap after
{Heap after GC invocations=21 (full 0):
 garbage-first heap   total 71680K, used 28377K [0x0000000780000000, 0x0000000800000000)
  region size 1024K, 4 young (4096K), 4 survivors (4096K)
 Metaspace       used 47382K, capacity 48701K, committed 49052K, reserved 1091584K
  class space    used 6353K, capacity 6831K, committed 6892K, reserved 1048576K
}
Event: 10.240 GC heap before
{Heap before GC invocations=21 (full 0):
 garbage-first heap   total 71680K, used 53977K [0x0000000780000000, 0x0000000800000000)
  region size 1024K, 30 young (30720K), 4 survivors (4096K)
 Metaspace       used 48505K, capacity 49875K, committed 50332K, reserved 1093632K
  class space    used 6521K, capacity 7029K, committed 7148K, reserved 1048576K
}
Event: 10.246 GC heap after
{Heap after GC invocations=22 (full 0):
 garbage-first heap   total 71680K, used 30116K [0x0000000780000000, 0x0000000800000000)
  region size 1024K, 4 young (4096K), 4 survivors (4096K)
 Metaspace       used 48505K, capacity 49875K, committed 50332K, reserved 1093632K
  class space    used 6521K, capacity 7029K, committed 7148K, reserved 1048576K
}
Event: 10.561 GC heap before
{Heap before GC invocations=22 (full 0):
 garbage-first heap   total 71680K, used 55716K [0x0000000780000000, 0x0000000800000000)
  region size 1024K, 29 young (29696K), 4 survivors (4096K)
 Metaspace       used 51230K, capacity 52558K, committed 53020K, reserved 1095680K
  class space    used 6986K, capacity 7492K, committed 7532K, reserved 1048576K
}

