# JRE version: OpenJDK Runtime Environment (14.0.1+14) (build 14.0.1+14)
# Java VM: OpenJDK 64-Bit Server VM (14.0.1+14, mixed mode, sharing, tiered, compressed oops, g1 gc, bsd-amd64)
Heap:
 garbage-first heap   total 70656K, used 55956K [0x0000000780000000, 0x0000000800000000)
  region size 1024K, 42 young (43008K), 4 survivors (4096K)
 Metaspace       used 31500K, capacity 32536K, committed 32816K, reserved 1077248K
  class space    used 4235K, capacity 4630K, committed 4736K, reserved 1048576K
GC Heap History (20 events):
Event: 0.481 GC heap after
{Heap after GC invocations=1 (full 0):
 garbage-first heap   total 133120K, used 6995K [0x0000000780000000, 0x0000000800000000)
  region size 1024K, 2 young (2048K), 2 survivors (2048K)
 Metaspace       used 2675K, capacity 5899K, committed 6016K, reserved 1056768K
  class space    used 319K, capacity 587K, committed 640K, reserved 1048576K
}
Event: 0.595 GC heap before
{Heap before GC invocations=1 (full 0):
 garbage-first heap   total 133120K, used 18259K [0x0000000780000000, 0x0000000800000000)
  region size 1024K, 14 young (14336K), 2 survivors (2048K)
 Metaspace       used 3758K, capacity 6588K, committed 6912K, reserved 1056768K
  class space    used 471K, capacity 692K, committed 768K, reserved 1048576K
}
Event: 0.599 GC heap after
{Heap after GC invocations=2 (full 0):
 garbage-first heap   total 133120K, used 7316K [0x0000000780000000, 0x0000000800000000)
  region size 1024K, 1 young (1024K), 1 survivors (1024K)
 Metaspace       used 3758K, capacity 6588K, committed 6912K, reserved 1056768K
  class space    used 471K, capacity 692K, committed 768K, reserved 1048576K
}
Event: 0.610 GC heap before
{Heap before GC invocations=2 (full 0):
 garbage-first heap   total 133120K, used 32916K [0x0000000780000000, 0x0000000800000000)
  region size 1024K, 27 young (27648K), 1 survivors (1024K)
 Metaspace       used 3758K, capacity 6588K, committed 6912K, reserved 1056768K
  class space    used 471K, capacity 692K, committed 768K, reserved 1048576K
}
Event: 0.612 GC heap after
{Heap after GC invocations=3 (full 0):
 garbage-first heap   total 133120K, used 7284K [0x0000000780000000, 0x0000000800000000)
  region size 1024K, 1 young (1024K), 1 survivors (1024K)
 Metaspace       used 3758K, capacity 6588K, committed 6912K, reserved 1056768K
  class space    used 471K, capacity 692K, committed 768K, reserved 1048576K
}
Event: 6.632 GC heap before
{Heap before GC invocations=3 (full 0):
 garbage-first heap   total 133120K, used 83060K [0x0000000780000000, 0x0000000800000000)
  region size 1024K, 76 young (77824K), 1 survivors (1024K)
 Metaspace       used 16597K, capacity 17916K, committed 18048K, reserved 1064960K
  class space    used 2186K, capacity 2362K, committed 2432K, reserved 1048576K
}
Event: 6.640 GC heap after
{Heap after GC invocations=4 (full 0):
 garbage-first heap   total 133120K, used 11267K [0x0000000780000000, 0x0000000800000000)
  region size 1024K, 5 young (5120K), 5 survivors (5120K)
 Metaspace       used 16597K, capacity 17916K, committed 18048K, reserved 1064960K
  class space    used 2186K, capacity 2362K, committed 2432K, reserved 1048576K
}
Event: 6.957 GC heap before
{Heap before GC invocations=4 (full 0):
 garbage-first heap   total 133120K, used 82947K [0x0000000780000000, 0x0000000800000000)
  region size 1024K, 76 young (77824K), 5 survivors (5120K)
 Metaspace       used 17588K, capacity 18960K, committed 19200K, reserved 1067008K
  class space    used 2311K, capacity 2519K, committed 2560K, reserved 1048576K
}
Event: 6.965 GC heap after
{Heap after GC invocations=5 (full 0):
 garbage-first heap   total 133120K, used 13330K [0x0000000780000000, 0x0000000800000000)
  region size 1024K, 7 young (7168K), 7 survivors (7168K)
 Metaspace       used 17588K, capacity 18960K, committed 19200K, reserved 1067008K
  class space    used 2311K, capacity 2519K, committed 2560K, reserved 1048576K
}
Event: 7.428 GC heap before
{Heap before GC invocations=5 (full 0):
 garbage-first heap   total 133120K, used 44050K [0x0000000780000000, 0x0000000800000000)
  region size 1024K, 38 young (38912K), 7 survivors (7168K)
 Metaspace       used 19743K, capacity 21168K, committed 21296K, reserved 1067008K
  class space    used 2628K, capacity 2886K, committed 2944K, reserved 1048576K
}
Event: 7.440 GC heap after
{Heap after GC invocations=6 (full 0):
 garbage-first heap   total 133120K, used 13316K [0x0000000780000000, 0x0000000800000000)
  region size 1024K, 3 young (3072K), 3 survivors (3072K)
 Metaspace       used 19743K, capacity 21168K, committed 21296K, reserved 1067008K
  class space    used 2628K, capacity 2886K, committed 2944K, reserved 1048576K
}
Event: 8.031 GC heap before
{Heap before GC invocations=7 (full 0):
 garbage-first heap   total 58368K, used 45060K [0x0000000780000000, 0x0000000800000000)
  region size 1024K, 34 young (34816K), 3 survivors (3072K)
 Metaspace       used 23295K, capacity 24760K, committed 25008K, reserved 1071104K
  class space    used 3192K, capacity 3523K, committed 3584K, reserved 1048576K
}
Event: 8.039 GC heap after
{Heap after GC invocations=8 (full 0):
 garbage-first heap   total 70656K, used 15158K [0x0000000780000000, 0x0000000800000000)
  region size 1024K, 5 young (5120K), 5 survivors (5120K)
 Metaspace       used 23295K, capacity 24760K, committed 25008K, reserved 1071104K
  class space    used 3192K, capacity 3523K, committed 3584K, reserved 1048576K
}
Event: 8.287 GC heap before
{Heap before GC invocations=8 (full 0):
 garbage-first heap   total 70656K, used 50998K [0x0000000780000000, 0x0000000800000000)
  region size 1024K, 41 young (41984K), 5 survivors (5120K)
 Metaspace       used 25292K, capacity 26335K, committed 26544K, reserved 1073152K
  class space    used 3419K, capacity 3728K, committed 3840K, reserved 1048576K
}
Event: 8.295 GC heap after
{Heap after GC invocations=9 (full 0):
 garbage-first heap   total 70656K, used 16201K [0x0000000780000000, 0x0000000800000000)
  region size 1024K, 4 young (4096K), 4 survivors (4096K)
 Metaspace       used 25292K, capacity 26335K, committed 26544K, reserved 1073152K
  class space    used 3419K, capacity 3728K, committed 3840K, reserved 1048576K
}
Event: 8.370 GC heap before
{Heap before GC invocations=9 (full 0):
 garbage-first heap   total 70656K, used 53065K [0x0000000780000000, 0x0000000800000000)
  region size 1024K, 41 young (41984K), 4 survivors (4096K)
 Metaspace       used 25919K, capacity 26875K, committed 27184K, reserved 1073152K
  class space    used 3480K, capacity 3865K, committed 3968K, reserved 1048576K
}
Event: 8.377 GC heap after
{Heap after GC invocations=10 (full 0):
 garbage-first heap   total 70656K, used 16773K [0x0000000780000000, 0x0000000800000000)
  region size 1024K, 2 young (2048K), 2 survivors (2048K)
 Metaspace       used 25919K, capacity 26875K, committed 27184K, reserved 1073152K
  class space    used 3480K, capacity 3865K, committed 3968K, reserved 1048576K
}
Event: 8.578 GC heap before
{Heap before GC invocations=10 (full 0):
 garbage-first heap   total 70656K, used 53637K [0x0000000780000000, 0x0000000800000000)
  region size 1024K, 39 young (39936K), 2 survivors (2048K)
 Metaspace       used 27071K, capacity 28064K, committed 28336K, reserved 1073152K
  class space    used 3635K, capacity 4020K, committed 4096K, reserved 1048576K
}
Event: 8.582 GC heap after
{Heap after GC invocations=11 (full 0):
 garbage-first heap   total 70656K, used 17044K [0x0000000780000000, 0x0000000800000000)
  region size 1024K, 2 young (2048K), 2 survivors (2048K)
 Metaspace       used 27071K, capacity 28064K, committed 28336K, reserved 1073152K
  class space    used 3635K, capacity 4020K, committed 4096K, reserved 1048576K
}
Event: 9.000 GC heap before
{Heap before GC invocations=11 (full 0):
 garbage-first heap   total 70656K, used 54932K [0x0000000780000000, 0x0000000800000000)
  region size 1024K, 40 young (40960K), 2 survivors (2048K)
 Metaspace       used 31500K, capacity 32536K, committed 32816K, reserved 1077248K
  class space    used 4235K, capacity 4630K, committed 4736K, reserved 1048576K
}

