# JRE version: OpenJDK Runtime Environment (14.0.1+14) (build 14.0.1+14)
# Java VM: OpenJDK 64-Bit Server VM (14.0.1+14, mixed mode, sharing, tiered, compressed oops, g1 gc, bsd-amd64)
Heap:
 garbage-first heap   total 58368K, used 45530K [0x0000000780000000, 0x0000000800000000)
  region size 1024K, 22 young (22528K), 2 survivors (2048K)
 Metaspace       used 45522K, capacity 46731K, committed 47004K, reserved 1089536K
  class space    used 6105K, capacity 6538K, committed 6636K, reserved 1048576K
GC Heap History (20 events):
Event: 8.002 GC heap after
{Heap after GC invocations=8 (full 0):
 garbage-first heap   total 58368K, used 15041K [0x0000000780000000, 0x0000000800000000)
  region size 1024K, 4 young (4096K), 4 survivors (4096K)
 Metaspace       used 23297K, capacity 24760K, committed 25008K, reserved 1071104K
  class space    used 3194K, capacity 3523K, committed 3584K, reserved 1048576K
}
Event: 8.210 GC heap before
{Heap before GC invocations=8 (full 0):
 garbage-first heap   total 58368K, used 42689K [0x0000000780000000, 0x0000000800000000)
  region size 1024K, 32 young (32768K), 4 survivors (4096K)
 Metaspace       used 25300K, capacity 26335K, committed 26800K, reserved 1073152K
  class space    used 3420K, capacity 3728K, committed 3840K, reserved 1048576K
}
Event: 8.219 GC heap after
{Heap after GC invocations=9 (full 0):
 garbage-first heap   total 58368K, used 16149K [0x0000000780000000, 0x0000000800000000)
  region size 1024K, 2 young (2048K), 2 survivors (2048K)
 Metaspace       used 25300K, capacity 26335K, committed 26800K, reserved 1073152K
  class space    used 3420K, capacity 3728K, committed 3840K, reserved 1048576K
}
Event: 8.226 GC heap before
{Heap before GC invocations=9 (full 0):
 garbage-first heap   total 58368K, used 42773K [0x0000000780000000, 0x0000000800000000)
  region size 1024K, 29 young (29696K), 2 survivors (2048K)
 Metaspace       used 25300K, capacity 26335K, committed 26800K, reserved 1073152K
  class space    used 3420K, capacity 3728K, committed 3840K, reserved 1048576K
}
Event: 8.229 GC heap after
{Heap after GC invocations=10 (full 0):
 garbage-first heap   total 58368K, used 15968K [0x0000000780000000, 0x0000000800000000)
  region size 1024K, 1 young (1024K), 1 survivors (1024K)
 Metaspace       used 25300K, capacity 26335K, committed 26800K, reserved 1073152K
  class space    used 3420K, capacity 3728K, committed 3840K, reserved 1048576K
}
Event: 8.300 GC heap before
{Heap before GC invocations=10 (full 0):
 garbage-first heap   total 58368K, used 44640K [0x0000000780000000, 0x0000000800000000)
  region size 1024K, 30 young (30720K), 1 survivors (1024K)
 Metaspace       used 25928K, capacity 26875K, committed 27184K, reserved 1073152K
  class space    used 3480K, capacity 3865K, committed 3968K, reserved 1048576K
}
Event: 8.302 GC heap after
{Heap after GC invocations=11 (full 0):
 garbage-first heap   total 58368K, used 16414K [0x0000000780000000, 0x0000000800000000)
  region size 1024K, 2 young (2048K), 2 survivors (2048K)
 Metaspace       used 25928K, capacity 26875K, committed 27184K, reserved 1073152K
  class space    used 3480K, capacity 3865K, committed 3968K, reserved 1048576K
}
Event: 8.528 GC heap before
{Heap before GC invocations=11 (full 0):
 garbage-first heap   total 58368K, used 45086K [0x0000000780000000, 0x0000000800000000)
  region size 1024K, 31 young (31744K), 2 survivors (2048K)
 Metaspace       used 27306K, capacity 28302K, committed 28592K, reserved 1073152K
  class space    used 3665K, capacity 4057K, committed 4096K, reserved 1048576K
}
Event: 8.533 GC heap after
{Heap after GC invocations=12 (full 0):
 garbage-first heap   total 58368K, used 16973K [0x0000000780000000, 0x0000000800000000)
  region size 1024K, 2 young (2048K), 2 survivors (2048K)
 Metaspace       used 27306K, capacity 28302K, committed 28592K, reserved 1073152K
  class space    used 3665K, capacity 4057K, committed 4096K, reserved 1048576K
}
Event: 8.853 GC heap before
{Heap before GC invocations=12 (full 0):
 garbage-first heap   total 58368K, used 45645K [0x0000000780000000, 0x0000000800000000)
  region size 1024K, 31 young (31744K), 2 survivors (2048K)
 Metaspace       used 30837K, capacity 31849K, committed 32176K, reserved 1077248K
  class space    used 4132K, capacity 4529K, committed 4608K, reserved 1048576K
}
Event: 8.860 GC heap after
{Heap after GC invocations=13 (full 0):
 garbage-first heap   total 58368K, used 18455K [0x0000000780000000, 0x0000000800000000)
  region size 1024K, 4 young (4096K), 4 survivors (4096K)
 Metaspace       used 30837K, capacity 31849K, committed 32176K, reserved 1077248K
  class space    used 4132K, capacity 4529K, committed 4608K, reserved 1048576K
}
Event: 9.070 GC heap before
{Heap before GC invocations=13 (full 0):
 garbage-first heap   total 58368K, used 46103K [0x0000000780000000, 0x0000000800000000)
  region size 1024K, 31 young (31744K), 4 survivors (4096K)
 Metaspace       used 33886K, capacity 35017K, committed 35248K, reserved 1079296K
  class space    used 4631K, capacity 5071K, committed 5120K, reserved 1048576K
}
Event: 9.081 GC heap after
{Heap after GC invocations=14 (full 0):
 garbage-first heap   total 58368K, used 19776K [0x0000000780000000, 0x0000000800000000)
  region size 1024K, 3 young (3072K), 3 survivors (3072K)
 Metaspace       used 33886K, capacity 35017K, committed 35248K, reserved 1079296K
  class space    used 4631K, capacity 5071K, committed 5120K, reserved 1048576K
}
Event: 9.127 GC heap before
{Heap before GC invocations=14 (full 0):
 garbage-first heap   total 58368K, used 24896K [0x0000000780000000, 0x0000000800000000)
  region size 1024K, 9 young (9216K), 3 survivors (3072K)
 Metaspace       used 34643K, capacity 35743K, committed 35888K, reserved 1079296K
  class space    used 4785K, capacity 5207K, committed 5248K, reserved 1048576K
}
Event: 9.133 GC heap after
{Heap after GC invocations=15 (full 0):
 garbage-first heap   total 58368K, used 20070K [0x0000000780000000, 0x0000000800000000)
  region size 1024K, 2 young (2048K), 2 survivors (2048K)
 Metaspace       used 34643K, capacity 35743K, committed 35888K, reserved 1079296K
  class space    used 4785K, capacity 5207K, committed 5248K, reserved 1048576K
}
Event: 9.358 GC heap before
{Heap before GC invocations=16 (full 0):
 garbage-first heap   total 58368K, used 47718K [0x0000000780000000, 0x0000000800000000)
  region size 1024K, 27 young (27648K), 2 survivors (2048K)
 Metaspace       used 38436K, capacity 39608K, committed 39964K, reserved 1083392K
  class space    used 5188K, capacity 5623K, committed 5740K, reserved 1048576K
}
Event: 9.365 GC heap after
{Heap after GC invocations=17 (full 0):
 garbage-first heap   total 58368K, used 21706K [0x0000000780000000, 0x0000000800000000)
  region size 1024K, 4 young (4096K), 4 survivors (4096K)
 Metaspace       used 38436K, capacity 39608K, committed 39964K, reserved 1083392K
  class space    used 5188K, capacity 5623K, committed 5740K, reserved 1048576K
}
Event: 9.575 GC heap before
{Heap before GC invocations=18 (full 0):
 garbage-first heap   total 58368K, used 45258K [0x0000000780000000, 0x0000000800000000)
  region size 1024K, 27 young (27648K), 4 survivors (4096K)
 Metaspace       used 41301K, capacity 42428K, committed 42780K, reserved 1085440K
  class space    used 5546K, capacity 5980K, committed 5996K, reserved 1048576K
}
Event: 9.584 GC heap after
{Heap after GC invocations=19 (full 0):
 garbage-first heap   total 58368K, used 25050K [0x0000000780000000, 0x0000000800000000)
  region size 1024K, 4 young (4096K), 4 survivors (4096K)
 Metaspace       used 41301K, capacity 42428K, committed 42780K, reserved 1085440K
  class space    used 5546K, capacity 5980K, committed 5996K, reserved 1048576K
}
Event: 9.835 GC heap before
{Heap before GC invocations=19 (full 0):
 garbage-first heap   total 58368K, used 45530K [0x0000000780000000, 0x0000000800000000)
  region size 1024K, 24 young (24576K), 4 survivors (4096K)
 Metaspace       used 45522K, capacity 46731K, committed 47004K, reserved 1089536K
  class space    used 6105K, capacity 6538K, committed 6636K, reserved 1048576K
}

