# JRE version: OpenJDK Runtime Environment (14.0.1+14) (build 14.0.1+14)
# Java VM: OpenJDK 64-Bit Server VM (14.0.1+14, mixed mode, sharing, tiered, compressed oops, g1 gc, bsd-amd64)
Heap:
 garbage-first heap   total 133120K, used 81138K [0x0000000780000000, 0x0000000800000000)
  region size 1024K, 74 young (75776K), 5 survivors (5120K)
 Metaspace       used 15258K, capacity 16863K, committed 17152K, reserved 1064960K
  class space    used 1685K, capacity 1946K, committed 2048K, reserved 1048576K
GC Heap History (7 events):
Event: 1.292 GC heap before
{Heap before GC invocations=0 (full 0):
 garbage-first heap   total 133120K, used 14136K [0x0000000780000000, 0x0000000800000000)
  region size 1024K, 13 young (13312K), 0 survivors (0K)
 Metaspace       used 3684K, capacity 6892K, committed 7168K, reserved 1056768K
  class space    used 407K, capacity 727K, committed 768K, reserved 1048576K
}
Event: 1.297 GC heap after
{Heap after GC invocations=1 (full 0):
 garbage-first heap   total 133120K, used 3320K [0x0000000780000000, 0x0000000800000000)
  region size 1024K, 2 young (2048K), 2 survivors (2048K)
 Metaspace       used 3684K, capacity 6892K, committed 7168K, reserved 1056768K
  class space    used 407K, capacity 727K, committed 768K, reserved 1048576K
}
Event: 2.678 GC heap before
{Heap before GC invocations=1 (full 0):
 garbage-first heap   total 133120K, used 20728K [0x0000000780000000, 0x0000000800000000)
  region size 1024K, 19 young (19456K), 2 survivors (2048K)
 Metaspace       used 5775K, capacity 8334K, committed 8448K, reserved 1056768K
  class space    used 702K, capacity 992K, committed 1024K, reserved 1048576K
}
Event: 2.684 GC heap after
{Heap after GC invocations=2 (full 0):
 garbage-first heap   total 133120K, used 4123K [0x0000000780000000, 0x0000000800000000)
  region size 1024K, 1 young (1024K), 1 survivors (1024K)
 Metaspace       used 5775K, capacity 8334K, committed 8448K, reserved 1056768K
  class space    used 702K, capacity 992K, committed 1024K, reserved 1048576K
}
Event: 5.300 GC heap before
{Heap before GC invocations=2 (full 0):
 garbage-first heap   total 133120K, used 80923K [0x0000000780000000, 0x0000000800000000)
  region size 1024K, 76 young (77824K), 1 survivors (1024K)
 Metaspace       used 13134K, capacity 14925K, committed 15104K, reserved 1062912K
  class space    used 1533K, capacity 1766K, committed 1792K, reserved 1048576K
}
Event: 5.314 GC heap after
{Heap after GC invocations=3 (full 0):
 garbage-first heap   total 133120K, used 10482K [0x0000000780000000, 0x0000000800000000)
  region size 1024K, 7 young (7168K), 7 survivors (7168K)
 Metaspace       used 13134K, capacity 14925K, committed 15104K, reserved 1062912K
  class space    used 1533K, capacity 1766K, committed 1792K, reserved 1048576K
}
Event: 6.650 GC heap before
{Heap before GC invocations=3 (full 0):
 garbage-first heap   total 133120K, used 81138K [0x0000000780000000, 0x0000000800000000)
  region size 1024K, 76 young (77824K), 7 survivors (7168K)
 Metaspace       used 15258K, capacity 16863K, committed 17152K, reserved 1064960K
  class space    used 1685K, capacity 1946K, committed 2048K, reserved 1048576K
}

