# JRE version: OpenJDK Runtime Environment (14.0.1+14) (build 14.0.1+14)
# Java VM: OpenJDK 64-Bit Server VM (14.0.1+14, mixed mode, sharing, tiered, compressed oops, g1 gc, bsd-amd64)
Heap:
 garbage-first heap   total 133120K, used 84233K [0x0000000780000000, 0x0000000800000000)
  region size 1024K, 79 young (80896K), 4 survivors (4096K)
 Metaspace       used 16604K, capacity 17916K, committed 18048K, reserved 1064960K
  class space    used 2188K, capacity 2362K, committed 2432K, reserved 1048576K
GC Heap History (7 events):
Event: 0.403 GC heap before
{Heap before GC invocations=0 (full 0):
 garbage-first heap   total 133120K, used 14136K [0x0000000780000000, 0x0000000800000000)
  region size 1024K, 13 young (13312K), 0 survivors (0K)
 Metaspace       used 2680K, capacity 5899K, committed 6016K, reserved 1056768K
  class space    used 319K, capacity 587K, committed 640K, reserved 1048576K
}
Event: 0.409 GC heap after
{Heap after GC invocations=1 (full 0):
 garbage-first heap   total 133120K, used 7116K [0x0000000780000000, 0x0000000800000000)
  region size 1024K, 2 young (2048K), 2 survivors (2048K)
 Metaspace       used 2680K, capacity 5899K, committed 6016K, reserved 1056768K
  class space    used 319K, capacity 587K, committed 640K, reserved 1048576K
}
Event: 0.553 GC heap before
{Heap before GC invocations=1 (full 0):
 garbage-first heap   total 133120K, used 18380K [0x0000000780000000, 0x0000000800000000)
  region size 1024K, 14 young (14336K), 2 survivors (2048K)
 Metaspace       used 3763K, capacity 6588K, committed 6912K, reserved 1056768K
  class space    used 471K, capacity 692K, committed 768K, reserved 1048576K
}
Event: 0.556 GC heap after
{Heap after GC invocations=2 (full 0):
 garbage-first heap   total 133120K, used 7412K [0x0000000780000000, 0x0000000800000000)
  region size 1024K, 1 young (1024K), 1 survivors (1024K)
 Metaspace       used 3763K, capacity 6588K, committed 6912K, reserved 1056768K
  class space    used 471K, capacity 692K, committed 768K, reserved 1048576K
}
Event: 0.568 GC heap before
{Heap before GC invocations=2 (full 0):
 garbage-first heap   total 133120K, used 33012K [0x0000000780000000, 0x0000000800000000)
  region size 1024K, 27 young (27648K), 1 survivors (1024K)
 Metaspace       used 3763K, capacity 6588K, committed 6912K, reserved 1056768K
  class space    used 471K, capacity 692K, committed 768K, reserved 1048576K
}
Event: 0.570 GC heap after
{Heap after GC invocations=3 (full 0):
 garbage-first heap   total 133120K, used 7440K [0x0000000780000000, 0x0000000800000000)
  region size 1024K, 1 young (1024K), 1 survivors (1024K)
 Metaspace       used 3763K, capacity 6588K, committed 6912K, reserved 1056768K
  class space    used 471K, capacity 692K, committed 768K, reserved 1048576K
}
Event: 6.569 GC heap before
{Heap before GC invocations=3 (full 0):
 garbage-first heap   total 133120K, used 83216K [0x0000000780000000, 0x0000000800000000)
  region size 1024K, 76 young (77824K), 1 survivors (1024K)
 Metaspace       used 16604K, capacity 17916K, committed 18048K, reserved 1064960K
  class space    used 2188K, capacity 2362K, committed 2432K, reserved 1048576K
}

