# JRE version: OpenJDK Runtime Environment (14.0.1+14) (build 14.0.1+14)
# Java VM: OpenJDK 64-Bit Server VM (14.0.1+14, mixed mode, sharing, tiered, compressed oops, g1 gc, bsd-amd64)
Heap:
 garbage-first heap   total 120832K, used 62476K [0x0000000780000000, 0x0000000800000000)
  region size 1024K, 25 young (25600K), 2 survivors (2048K)
 Metaspace       used 62138K, capacity 63888K, committed 63900K, reserved 1103872K
  class space    used 8529K, capacity 9216K, committed 9216K, reserved 1048576K
GC Heap History (20 events):
Event: 3.310 GC heap after
{Heap after GC invocations=12 (full 0):
 garbage-first heap   total 71680K, used 17232K [0x0000000780000000, 0x0000000800000000)
  region size 1024K, 3 young (3072K), 3 survivors (3072K)
 Metaspace       used 28115K, capacity 29106K, committed 29232K, reserved 1075200K
  class space    used 3791K, capacity 4198K, committed 4224K, reserved 1048576K
}
Event: 3.591 GC heap before
{Heap before GC invocations=12 (full 0):
 garbage-first heap   total 71680K, used 55120K [0x0000000780000000, 0x0000000800000000)
  region size 1024K, 41 young (41984K), 3 survivors (3072K)
 Metaspace       used 32263K, capacity 33328K, committed 33456K, reserved 1077248K
  class space    used 4389K, capacity 4789K, committed 4864K, reserved 1048576K
}
Event: 3.599 GC heap after
{Heap after GC invocations=13 (full 0):
 garbage-first heap   total 71680K, used 18926K [0x0000000780000000, 0x0000000800000000)
  region size 1024K, 5 young (5120K), 5 survivors (5120K)
 Metaspace       used 32263K, capacity 33328K, committed 33456K, reserved 1077248K
  class space    used 4389K, capacity 4789K, committed 4864K, reserved 1048576K
}
Event: 3.737 GC heap before
{Heap before GC invocations=13 (full 0):
 garbage-first heap   total 71680K, used 36334K [0x0000000780000000, 0x0000000800000000)
  region size 1024K, 23 young (23552K), 5 survivors (5120K)
 Metaspace       used 34654K, capacity 35740K, committed 35888K, reserved 1079296K
  class space    used 4819K, capacity 5230K, committed 5248K, reserved 1048576K
}
Event: 3.747 GC heap after
{Heap after GC invocations=14 (full 0):
 garbage-first heap   total 86016K, used 19938K [0x0000000780000000, 0x0000000800000000)
  region size 1024K, 4 young (4096K), 4 survivors (4096K)
 Metaspace       used 34654K, capacity 35740K, committed 35888K, reserved 1079296K
  class space    used 4819K, capacity 5230K, committed 5248K, reserved 1048576K
}
Event: 4.153 GC heap before
{Heap before GC invocations=15 (full 0):
 garbage-first heap   total 86016K, used 69090K [0x0000000780000000, 0x0000000800000000)
  region size 1024K, 50 young (51200K), 4 survivors (4096K)
 Metaspace       used 41367K, capacity 42558K, committed 42908K, reserved 1085440K
  class space    used 5560K, capacity 6026K, committed 6144K, reserved 1048576K
}
Event: 4.167 GC heap after
{Heap after GC invocations=16 (full 0):
 garbage-first heap   total 86016K, used 24768K [0x0000000780000000, 0x0000000800000000)
  region size 1024K, 7 young (7168K), 7 survivors (7168K)
 Metaspace       used 41367K, capacity 42558K, committed 42908K, reserved 1085440K
  class space    used 5560K, capacity 6026K, committed 6144K, reserved 1048576K
}
Event: 4.602 GC heap before
{Heap before GC invocations=17 (full 0):
 garbage-first heap   total 86016K, used 64704K [0x0000000780000000, 0x0000000800000000)
  region size 1024K, 47 young (48128K), 7 survivors (7168K)
 Metaspace       used 46870K, capacity 48175K, committed 48540K, reserved 1091584K
  class space    used 6287K, capacity 6786K, committed 6912K, reserved 1048576K
}
Event: 4.617 GC heap after
{Heap after GC invocations=18 (full 0):
 garbage-first heap   total 86016K, used 27957K [0x0000000780000000, 0x0000000800000000)
  region size 1024K, 3 young (3072K), 3 survivors (3072K)
 Metaspace       used 46870K, capacity 48175K, committed 48540K, reserved 1091584K
  class space    used 6287K, capacity 6786K, committed 6912K, reserved 1048576K
}
Event: 4.808 GC heap before
{Heap before GC invocations=18 (full 0):
 garbage-first heap   total 86016K, used 64821K [0x0000000780000000, 0x0000000800000000)
  region size 1024K, 40 young (40960K), 3 survivors (3072K)
 Metaspace       used 48494K, capacity 49774K, committed 50204K, reserved 1093632K
  class space    used 6542K, capacity 7018K, committed 7040K, reserved 1048576K
}
Event: 4.816 GC heap after
{Heap after GC invocations=19 (full 0):
 garbage-first heap   total 86016K, used 29791K [0x0000000780000000, 0x0000000800000000)
  region size 1024K, 5 young (5120K), 5 survivors (5120K)
 Metaspace       used 48494K, capacity 49774K, committed 50204K, reserved 1093632K
  class space    used 6542K, capacity 7018K, committed 7040K, reserved 1048576K
}
Event: 5.203 GC heap before
{Heap before GC invocations=19 (full 0):
 garbage-first heap   total 86016K, used 65631K [0x0000000780000000, 0x0000000800000000)
  region size 1024K, 41 young (41984K), 5 survivors (5120K)
 Metaspace       used 52062K, capacity 53379K, committed 53916K, reserved 1095680K
  class space    used 7135K, capacity 7617K, committed 7680K, reserved 1048576K
}
Event: 5.211 GC heap after
{Heap after GC invocations=20 (full 0):
 garbage-first heap   total 120832K, used 31190K [0x0000000780000000, 0x0000000800000000)
  region size 1024K, 4 young (4096K), 4 survivors (4096K)
 Metaspace       used 52062K, capacity 53379K, committed 53916K, reserved 1095680K
  class space    used 7135K, capacity 7617K, committed 7680K, reserved 1048576K
}
Event: 15.237 GC heap before
{Heap before GC invocations=20 (full 0):
 garbage-first heap   total 120832K, used 94678K [0x0000000780000000, 0x0000000800000000)
  region size 1024K, 66 young (67584K), 4 survivors (4096K)
 Metaspace       used 58152K, capacity 59658K, committed 59804K, reserved 1099776K
  class space    used 7989K, capacity 8577K, committed 8704K, reserved 1048576K
}
Event: 15.247 GC heap after
{Heap after GC invocations=21 (full 0):
 garbage-first heap   total 120832K, used 33314K [0x0000000780000000, 0x0000000800000000)
  region size 1024K, 6 young (6144K), 6 survivors (6144K)
 Metaspace       used 58152K, capacity 59658K, committed 59804K, reserved 1099776K
  class space    used 7989K, capacity 8577K, committed 8704K, reserved 1048576K
}
Event: 79.663 GC heap before
{Heap before GC invocations=21 (full 0):
 garbage-first heap   total 120832K, used 94754K [0x0000000780000000, 0x0000000800000000)
  region size 1024K, 67 young (68608K), 6 survivors (6144K)
 Metaspace       used 61645K, capacity 63336K, committed 63644K, reserved 1103872K
  class space    used 8472K, capacity 9119K, committed 9216K, reserved 1048576K
}
Event: 79.682 GC heap after
{Heap after GC invocations=22 (full 0):
 garbage-first heap   total 120832K, used 38749K [0x0000000780000000, 0x0000000800000000)
  region size 1024K, 9 young (9216K), 9 survivors (9216K)
 Metaspace       used 61645K, capacity 63336K, committed 63644K, reserved 1103872K
  class space    used 8472K, capacity 9119K, committed 9216K, reserved 1048576K
}
Event: 560.394 GC heap before
{Heap before GC invocations=22 (full 0):
 garbage-first heap   total 120832K, used 95069K [0x0000000780000000, 0x0000000800000000)
  region size 1024K, 64 young (65536K), 9 survivors (9216K)
 Metaspace       used 62003K, capacity 63707K, committed 63900K, reserved 1103872K
  class space    used 8502K, capacity 9133K, committed 9216K, reserved 1048576K
}
Event: 560.504 GC heap after
{Heap after GC invocations=23 (full 0):
 garbage-first heap   total 120832K, used 39770K [0x0000000780000000, 0x0000000800000000)
  region size 1024K, 2 young (2048K), 2 survivors (2048K)
 Metaspace       used 62003K, capacity 63707K, committed 63900K, reserved 1103872K
  class space    used 8502K, capacity 9133K, committed 9216K, reserved 1048576K
}
Event: 736.199 GC heap before
{Heap before GC invocations=23 (full 0):
 garbage-first heap   total 120832K, used 62298K [0x0000000780000000, 0x0000000800000000)
  region size 1024K, 25 young (25600K), 2 survivors (2048K)
 Metaspace       used 62138K, capacity 63888K, committed 63900K, reserved 1103872K
  class space    used 8529K, capacity 9216K, committed 9216K, reserved 1048576K
}

