# JRE version: OpenJDK Runtime Environment (14.0.1+14) (build 14.0.1+14)
# Java VM: OpenJDK 64-Bit Server VM (14.0.1+14, mixed mode, sharing, tiered, compressed oops, g1 gc, bsd-amd64)
Heap:
 garbage-first heap   total 133120K, used 55359K [0x0000000780000000, 0x0000000800000000)
  region size 1024K, 45 young (46080K), 5 survivors (5120K)
 Metaspace       used 19758K, capacity 20993K, committed 21248K, reserved 1069056K
  class space    used 2279K, capacity 2521K, committed 2560K, reserved 1048576K
GC Heap History (9 events):
Event: 0.911 GC heap before
{Heap before GC invocations=0 (full 0):
 garbage-first heap   total 133120K, used 14136K [0x0000000780000000, 0x0000000800000000)
  region size 1024K, 13 young (13312K), 0 survivors (0K)
 Metaspace       used 3683K, capacity 6892K, committed 7168K, reserved 1056768K
  class space    used 406K, capacity 727K, committed 768K, reserved 1048576K
}
Event: 0.915 GC heap after
{Heap after GC invocations=1 (full 0):
 garbage-first heap   total 133120K, used 3312K [0x0000000780000000, 0x0000000800000000)
  region size 1024K, 2 young (2048K), 2 survivors (2048K)
 Metaspace       used 3683K, capacity 6892K, committed 7168K, reserved 1056768K
  class space    used 406K, capacity 727K, committed 768K, reserved 1048576K
}
Event: 1.619 GC heap before
{Heap before GC invocations=1 (full 0):
 garbage-first heap   total 133120K, used 20720K [0x0000000780000000, 0x0000000800000000)
  region size 1024K, 19 young (19456K), 2 survivors (2048K)
 Metaspace       used 5736K, capacity 8302K, committed 8448K, reserved 1056768K
  class space    used 699K, capacity 960K, committed 1024K, reserved 1048576K
}
Event: 1.625 GC heap after
{Heap after GC invocations=2 (full 0):
 garbage-first heap   total 133120K, used 4057K [0x0000000780000000, 0x0000000800000000)
  region size 1024K, 1 young (1024K), 1 survivors (1024K)
 Metaspace       used 5736K, capacity 8302K, committed 8448K, reserved 1056768K
  class space    used 699K, capacity 960K, committed 1024K, reserved 1048576K
}
Event: 4.935 GC heap before
{Heap before GC invocations=2 (full 0):
 garbage-first heap   total 133120K, used 80857K [0x0000000780000000, 0x0000000800000000)
  region size 1024K, 76 young (77824K), 1 survivors (1024K)
 Metaspace       used 13171K, capacity 14926K, committed 15104K, reserved 1062912K
  class space    used 1533K, capacity 1766K, committed 1792K, reserved 1048576K
}
Event: 4.964 GC heap after
{Heap after GC invocations=3 (full 0):
 garbage-first heap   total 133120K, used 10380K [0x0000000780000000, 0x0000000800000000)
  region size 1024K, 7 young (7168K), 7 survivors (7168K)
 Metaspace       used 13171K, capacity 14926K, committed 15104K, reserved 1062912K
  class space    used 1533K, capacity 1766K, committed 1792K, reserved 1048576K
}
Event: 7.265 GC heap before
{Heap before GC invocations=3 (full 0):
 garbage-first heap   total 133120K, used 82060K [0x0000000780000000, 0x0000000800000000)
  region size 1024K, 76 young (77824K), 7 survivors (7168K)
 Metaspace       used 16852K, capacity 18307K, committed 18560K, reserved 1064960K
  class space    used 1886K, capacity 2133K, committed 2176K, reserved 1048576K
}
Event: 7.285 GC heap after
{Heap after GC invocations=4 (full 0):
 garbage-first heap   total 133120K, used 14909K [0x0000000780000000, 0x0000000800000000)
  region size 1024K, 4 young (4096K), 4 survivors (4096K)
 Metaspace       used 16852K, capacity 18307K, committed 18560K, reserved 1064960K
  class space    used 1886K, capacity 2133K, committed 2176K, reserved 1048576K
}
Event: 7.500 GC heap before
{Heap before GC invocations=4 (full 0):
 garbage-first heap   total 133120K, used 53821K [0x0000000780000000, 0x0000000800000000)
  region size 1024K, 44 young (45056K), 4 survivors (4096K)
 Metaspace       used 19758K, capacity 20993K, committed 21248K, reserved 1069056K
  class space    used 2279K, capacity 2521K, committed 2560K, reserved 1048576K
}

