# JRE version: OpenJDK Runtime Environment (14.0.1+14) (build 14.0.1+14)
# Java VM: OpenJDK 64-Bit Server VM (14.0.1+14, mixed mode, sharing, tiered, compressed oops, g1 gc, bsd-amd64)
Heap:
 garbage-first heap   total 133120K, used 83579K [0x0000000780000000, 0x0000000800000000)
  region size 1024K, 10 young (10240K), 2 survivors (2048K)
 Metaspace       used 29994K, capacity 30784K, committed 31100K, reserved 1077248K
  class space    used 3384K, capacity 3688K, committed 3708K, reserved 1048576K
GC Heap History (20 events):
Event: 10.002 GC heap before
{Heap before GC invocations=10 (full 0):
 garbage-first heap   total 76800K, used 56147K [0x0000000780000000, 0x0000000800000000)
  region size 1024K, 28 young (28672K), 4 survivors (4096K)
 Metaspace       used 25172K, capacity 25883K, committed 25980K, reserved 1073152K
  class space    used 2872K, capacity 3149K, committed 3196K, reserved 1048576K
}
Event: 10.014 GC heap after
{Heap after GC invocations=11 (full 0):
 garbage-first heap   total 76800K, used 36919K [0x0000000780000000, 0x0000000800000000)
  region size 1024K, 4 young (4096K), 4 survivors (4096K)
 Metaspace       used 25172K, capacity 25883K, committed 25980K, reserved 1073152K
  class space    used 2872K, capacity 3149K, committed 3196K, reserved 1048576K
}
Event: 10.306 GC heap before
{Heap before GC invocations=11 (full 0):
 garbage-first heap   total 76800K, used 48183K [0x0000000780000000, 0x0000000800000000)
  region size 1024K, 16 young (16384K), 4 survivors (4096K)
 Metaspace       used 25650K, capacity 26359K, committed 26620K, reserved 1073152K
  class space    used 2920K, capacity 3200K, committed 3324K, reserved 1048576K
}
Event: 10.320 GC heap after
{Heap after GC invocations=12 (full 0):
 garbage-first heap   total 76800K, used 37160K [0x0000000780000000, 0x0000000800000000)
  region size 1024K, 2 young (2048K), 2 survivors (2048K)
 Metaspace       used 25650K, capacity 26359K, committed 26620K, reserved 1073152K
  class space    used 2920K, capacity 3200K, committed 3324K, reserved 1048576K
}
Event: 10.328 GC heap before
{Heap before GC invocations=12 (full 0):
 garbage-first heap   total 76800K, used 57640K [0x0000000780000000, 0x0000000800000000)
  region size 1024K, 22 young (22528K), 2 survivors (2048K)
 Metaspace       used 25650K, capacity 26359K, committed 26620K, reserved 1073152K
  class space    used 2920K, capacity 3200K, committed 3324K, reserved 1048576K
}
Event: 10.333 GC heap after
{Heap after GC invocations=13 (full 0):
 garbage-first heap   total 76800K, used 37826K [0x0000000780000000, 0x0000000800000000)
  region size 1024K, 1 young (1024K), 1 survivors (1024K)
 Metaspace       used 25650K, capacity 26359K, committed 26620K, reserved 1073152K
  class space    used 2920K, capacity 3200K, committed 3324K, reserved 1048576K
}
Event: 10.452 GC heap before
{Heap before GC invocations=13 (full 0):
 garbage-first heap   total 99328K, used 58306K [0x0000000780000000, 0x0000000800000000)
  region size 1024K, 22 young (22528K), 1 survivors (1024K)
 Metaspace       used 25663K, capacity 26360K, committed 26620K, reserved 1073152K
  class space    used 2920K, capacity 3200K, committed 3324K, reserved 1048576K
}
Event: 10.459 GC heap after
{Heap after GC invocations=14 (full 0):
 garbage-first heap   total 99328K, used 38142K [0x0000000780000000, 0x0000000800000000)
  region size 1024K, 3 young (3072K), 3 survivors (3072K)
 Metaspace       used 25663K, capacity 26360K, committed 26620K, reserved 1073152K
  class space    used 2920K, capacity 3200K, committed 3324K, reserved 1048576K
}
Event: 10.685 GC heap before
{Heap before GC invocations=15 (full 0):
 garbage-first heap   total 99328K, used 73982K [0x0000000780000000, 0x0000000800000000)
  region size 1024K, 37 young (37888K), 3 survivors (3072K)
 Metaspace       used 25727K, capacity 26492K, committed 26876K, reserved 1073152K
  class space    used 2920K, capacity 3200K, committed 3324K, reserved 1048576K
}
Event: 10.702 GC heap after
{Heap after GC invocations=16 (full 0):
 garbage-first heap   total 99328K, used 50463K [0x0000000780000000, 0x0000000800000000)
  region size 1024K, 5 young (5120K), 5 survivors (5120K)
 Metaspace       used 25727K, capacity 26492K, committed 26876K, reserved 1073152K
  class space    used 2920K, capacity 3200K, committed 3324K, reserved 1048576K
}
Event: 10.704 GC heap before
{Heap before GC invocations=16 (full 0):
 garbage-first heap   total 99328K, used 50463K [0x0000000780000000, 0x0000000800000000)
  region size 1024K, 6 young (6144K), 5 survivors (5120K)
 Metaspace       used 25727K, capacity 26492K, committed 26876K, reserved 1073152K
  class space    used 2920K, capacity 3200K, committed 3324K, reserved 1048576K
}
Event: 10.730 GC heap after
{Heap after GC invocations=17 (full 0):
 garbage-first heap   total 119808K, used 45917K [0x0000000780000000, 0x0000000800000000)
  region size 1024K, 1 young (1024K), 1 survivors (1024K)
 Metaspace       used 25727K, capacity 26492K, committed 26876K, reserved 1073152K
  class space    used 2920K, capacity 3200K, committed 3324K, reserved 1048576K
}
Event: 10.825 GC heap before
{Heap before GC invocations=17 (full 0):
 garbage-first heap   total 119808K, used 81757K [0x0000000780000000, 0x0000000800000000)
  region size 1024K, 37 young (37888K), 1 survivors (1024K)
 Metaspace       used 25728K, capacity 26492K, committed 26876K, reserved 1073152K
  class space    used 2920K, capacity 3200K, committed 3324K, reserved 1048576K
}
Event: 10.831 GC heap after
{Heap after GC invocations=18 (full 0):
 garbage-first heap   total 119808K, used 48630K [0x0000000780000000, 0x0000000800000000)
  region size 1024K, 3 young (3072K), 3 survivors (3072K)
 Metaspace       used 25728K, capacity 26492K, committed 26876K, reserved 1073152K
  class space    used 2920K, capacity 3200K, committed 3324K, reserved 1048576K
}
Event: 11.393 GC heap before
{Heap before GC invocations=18 (full 0):
 garbage-first heap   total 119808K, used 86518K [0x0000000780000000, 0x0000000800000000)
  region size 1024K, 40 young (40960K), 3 survivors (3072K)
 Metaspace       used 27011K, capacity 27841K, committed 27900K, reserved 1073152K
  class space    used 3017K, capacity 3305K, committed 3324K, reserved 1048576K
}
Event: 11.406 GC heap after
{Heap after GC invocations=19 (full 0):
 garbage-first heap   total 119808K, used 52099K [0x0000000780000000, 0x0000000800000000)
  region size 1024K, 5 young (5120K), 5 survivors (5120K)
 Metaspace       used 27011K, capacity 27841K, committed 27900K, reserved 1073152K
  class space    used 3017K, capacity 3305K, committed 3324K, reserved 1048576K
}
Event: 24.969 GC heap before
{Heap before GC invocations=19 (full 0):
 garbage-first heap   total 119808K, used 87939K [0x0000000780000000, 0x0000000800000000)
  region size 1024K, 40 young (40960K), 5 survivors (5120K)
 Metaspace       used 28748K, capacity 29576K, committed 29820K, reserved 1075200K
  class space    used 3225K, capacity 3588K, committed 3708K, reserved 1048576K
}
Event: 24.979 GC heap after
{Heap after GC invocations=20 (full 0):
 garbage-first heap   total 119808K, used 53810K [0x0000000780000000, 0x0000000800000000)
  region size 1024K, 2 young (2048K), 2 survivors (2048K)
 Metaspace       used 28748K, capacity 29576K, committed 29820K, reserved 1075200K
  class space    used 3225K, capacity 3588K, committed 3708K, reserved 1048576K
}
Event: 25.309 GC heap before
{Heap before GC invocations=20 (full 0):
 garbage-first heap   total 119808K, used 60978K [0x0000000780000000, 0x0000000800000000)
  region size 1024K, 10 young (10240K), 2 survivors (2048K)
 Metaspace       used 29631K, capacity 30394K, committed 30588K, reserved 1077248K
  class space    used 3346K, capacity 3686K, committed 3708K, reserved 1048576K
}
Event: 25.317 GC heap after
{Heap after GC invocations=21 (full 0):
 garbage-first heap   total 119808K, used 53883K [0x0000000780000000, 0x0000000800000000)
  region size 1024K, 2 young (2048K), 2 survivors (2048K)
 Metaspace       used 29631K, capacity 30394K, committed 30588K, reserved 1077248K
  class space    used 3346K, capacity 3686K, committed 3708K, reserved 1048576K
}

