# JRE version: OpenJDK Runtime Environment (14.0.1+14) (build 14.0.1+14)
# Java VM: OpenJDK 64-Bit Server VM (14.0.1+14, mixed mode, sharing, tiered, compressed oops, g1 gc, bsd-amd64)
Heap:
 garbage-first heap   total 116736K, used 64847K [0x0000000780000000, 0x0000000800000000)
  region size 1024K, 10 young (10240K), 3 survivors (3072K)
 Metaspace       used 27337K, capacity 28090K, committed 28156K, reserved 1075200K
  class space    used 2987K, capacity 3295K, committed 3324K, reserved 1048576K
GC Heap History (20 events):
Event: 6.821 GC heap before
{Heap before GC invocations=8 (full 0):
 garbage-first heap   total 67584K, used 48938K [0x0000000780000000, 0x0000000800000000)
  region size 1024K, 22 young (22528K), 5 survivors (5120K)
 Metaspace       used 23809K, capacity 24411K, committed 24444K, reserved 1071104K
  class space    used 2699K, capacity 2939K, committed 2940K, reserved 1048576K
}
Event: 6.840 GC heap after
{Heap after GC invocations=9 (full 0):
 garbage-first heap   total 67584K, used 36906K [0x0000000780000000, 0x0000000800000000)
  region size 1024K, 3 young (3072K), 3 survivors (3072K)
 Metaspace       used 23809K, capacity 24411K, committed 24444K, reserved 1071104K
  class space    used 2699K, capacity 2939K, committed 2940K, reserved 1048576K
}
Event: 6.843 GC heap before
{Heap before GC invocations=9 (full 0):
 garbage-first heap   total 67584K, used 48170K [0x0000000780000000, 0x0000000800000000)
  region size 1024K, 15 young (15360K), 3 survivors (3072K)
 Metaspace       used 23809K, capacity 24411K, committed 24444K, reserved 1071104K
  class space    used 2699K, capacity 2939K, committed 2940K, reserved 1048576K
}
Event: 6.848 GC heap after
{Heap after GC invocations=10 (full 0):
 garbage-first heap   total 67584K, used 37458K [0x0000000780000000, 0x0000000800000000)
  region size 1024K, 1 young (1024K), 1 survivors (1024K)
 Metaspace       used 23809K, capacity 24411K, committed 24444K, reserved 1071104K
  class space    used 2699K, capacity 2939K, committed 2940K, reserved 1048576K
}
Event: 6.851 GC heap before
{Heap before GC invocations=10 (full 0):
 garbage-first heap   total 67584K, used 49746K [0x0000000780000000, 0x0000000800000000)
  region size 1024K, 14 young (14336K), 1 survivors (1024K)
 Metaspace       used 23809K, capacity 24411K, committed 24444K, reserved 1071104K
  class space    used 2699K, capacity 2939K, committed 2940K, reserved 1048576K
}
Event: 6.852 GC heap after
{Heap after GC invocations=11 (full 0):
 garbage-first heap   total 67584K, used 37476K [0x0000000780000000, 0x0000000800000000)
  region size 1024K, 1 young (1024K), 1 survivors (1024K)
 Metaspace       used 23809K, capacity 24411K, committed 24444K, reserved 1071104K
  class space    used 2699K, capacity 2939K, committed 2940K, reserved 1048576K
}
Event: 6.885 GC heap before
{Heap before GC invocations=11 (full 0):
 garbage-first heap   total 67584K, used 50788K [0x0000000780000000, 0x0000000800000000)
  region size 1024K, 15 young (15360K), 1 survivors (1024K)
 Metaspace       used 23812K, capacity 24411K, committed 24444K, reserved 1071104K
  class space    used 2699K, capacity 2939K, committed 2940K, reserved 1048576K
}
Event: 6.887 GC heap after
{Heap after GC invocations=12 (full 0):
 garbage-first heap   total 67584K, used 37699K [0x0000000780000000, 0x0000000800000000)
  region size 1024K, 1 young (1024K), 1 survivors (1024K)
 Metaspace       used 23812K, capacity 24411K, committed 24444K, reserved 1071104K
  class space    used 2699K, capacity 2939K, committed 2940K, reserved 1048576K
}
Event: 7.039 GC heap before
{Heap before GC invocations=13 (full 0):
 garbage-first heap   total 81920K, used 54083K [0x0000000780000000, 0x0000000800000000)
  region size 1024K, 16 young (16384K), 1 survivors (1024K)
 Metaspace       used 23819K, capacity 24412K, committed 24444K, reserved 1071104K
  class space    used 2699K, capacity 2939K, committed 2940K, reserved 1048576K
}
Event: 7.046 GC heap after
{Heap after GC invocations=14 (full 0):
 garbage-first heap   total 81920K, used 44676K [0x0000000780000000, 0x0000000800000000)
  region size 1024K, 2 young (2048K), 2 survivors (2048K)
 Metaspace       used 23819K, capacity 24412K, committed 24444K, reserved 1071104K
  class space    used 2699K, capacity 2939K, committed 2940K, reserved 1048576K
}
Event: 7.319 GC heap before
{Heap before GC invocations=14 (full 0):
 garbage-first heap   total 81920K, used 61060K [0x0000000780000000, 0x0000000800000000)
  region size 1024K, 18 young (18432K), 2 survivors (2048K)
 Metaspace       used 24277K, capacity 24941K, committed 25084K, reserved 1071104K
  class space    used 2744K, capacity 3009K, committed 3068K, reserved 1048576K
}
Event: 7.328 GC heap after
{Heap after GC invocations=15 (full 0):
 garbage-first heap   total 81920K, used 47333K [0x0000000780000000, 0x0000000800000000)
  region size 1024K, 3 young (3072K), 3 survivors (3072K)
 Metaspace       used 24277K, capacity 24941K, committed 25084K, reserved 1071104K
  class space    used 2744K, capacity 3009K, committed 3068K, reserved 1048576K
}
Event: 7.622 GC heap before
{Heap before GC invocations=16 (full 0):
 garbage-first heap   total 97280K, used 61669K [0x0000000780000000, 0x0000000800000000)
  region size 1024K, 16 young (16384K), 3 survivors (3072K)
 Metaspace       used 24601K, capacity 25270K, committed 25340K, reserved 1071104K
  class space    used 2758K, capacity 3050K, committed 3068K, reserved 1048576K
}
Event: 7.635 GC heap after
{Heap after GC invocations=17 (full 0):
 garbage-first heap   total 116736K, used 50629K [0x0000000780000000, 0x0000000800000000)
  region size 1024K, 2 young (2048K), 2 survivors (2048K)
 Metaspace       used 24601K, capacity 25270K, committed 25340K, reserved 1071104K
  class space    used 2758K, capacity 3050K, committed 3068K, reserved 1048576K
}
Event: 8.105 GC heap before
{Heap before GC invocations=17 (full 0):
 garbage-first heap   total 116736K, used 82373K [0x0000000780000000, 0x0000000800000000)
  region size 1024K, 33 young (33792K), 2 survivors (2048K)
 Metaspace       used 24873K, capacity 25554K, committed 25596K, reserved 1071104K
  class space    used 2773K, capacity 3054K, committed 3068K, reserved 1048576K
}
Event: 8.126 GC heap after
{Heap after GC invocations=18 (full 0):
 garbage-first heap   total 116736K, used 55280K [0x0000000780000000, 0x0000000800000000)
  region size 1024K, 5 young (5120K), 5 survivors (5120K)
 Metaspace       used 24873K, capacity 25554K, committed 25596K, reserved 1071104K
  class space    used 2773K, capacity 3054K, committed 3068K, reserved 1048576K
}
Event: 8.445 GC heap before
{Heap before GC invocations=18 (full 0):
 garbage-first heap   total 116736K, used 66544K [0x0000000780000000, 0x0000000800000000)
  region size 1024K, 17 young (17408K), 5 survivors (5120K)
 Metaspace       used 25884K, capacity 26558K, committed 26748K, reserved 1073152K
  class space    used 2877K, capacity 3151K, committed 3196K, reserved 1048576K
}
Event: 8.468 GC heap after
{Heap after GC invocations=19 (full 0):
 garbage-first heap   total 116736K, used 56301K [0x0000000780000000, 0x0000000800000000)
  region size 1024K, 1 young (1024K), 1 survivors (1024K)
 Metaspace       used 25884K, capacity 26558K, committed 26748K, reserved 1073152K
  class space    used 2877K, capacity 3151K, committed 3196K, reserved 1048576K
}
Event: 9.499 GC heap before
{Heap before GC invocations=20 (full 0):
 garbage-first heap   total 116736K, used 89069K [0x0000000780000000, 0x0000000800000000)
  region size 1024K, 31 young (31744K), 1 survivors (1024K)
 Metaspace       used 27272K, capacity 28025K, committed 28156K, reserved 1075200K
  class space    used 2987K, capacity 3295K, committed 3324K, reserved 1048576K
}
Event: 9.512 GC heap after
{Heap after GC invocations=21 (full 0):
 garbage-first heap   total 116736K, used 58703K [0x0000000780000000, 0x0000000800000000)
  region size 1024K, 3 young (3072K), 3 survivors (3072K)
 Metaspace       used 27272K, capacity 28025K, committed 28156K, reserved 1075200K
  class space    used 2987K, capacity 3295K, committed 3324K, reserved 1048576K
}

