# JRE version: OpenJDK Runtime Environment (14.0.1+14) (build 14.0.1+14)
# Java VM: OpenJDK 64-Bit Server VM (14.0.1+14, mixed mode, sharing, tiered, compressed oops, g1 gc, bsd-amd64)
Heap:
 garbage-first heap   total 109568K, used 76028K [0x0000000780000000, 0x0000000800000000)
  region size 1024K, 26 young (26624K), 1 survivors (1024K)
 Metaspace       used 67986K, capacity 69792K, committed 70008K, reserved 1110016K
  class space    used 9158K, capacity 9865K, committed 9932K, reserved 1048576K
GC Heap History (20 events):
Event: 33.733 GC heap before
{Heap before GC invocations=31 (full 0):
 garbage-first heap   total 91136K, used 74474K [0x0000000780000000, 0x0000000800000000)
  region size 1024K, 36 young (36864K), 4 survivors (4096K)
 Metaspace       used 59373K, capacity 61020K, committed 61176K, reserved 1101824K
  class space    used 8059K, capacity 8667K, committed 8780K, reserved 1048576K
}
Event: 33.751 GC heap after
{Heap after GC invocations=32 (full 0):
 garbage-first heap   total 91136K, used 42401K [0x0000000780000000, 0x0000000800000000)
  region size 1024K, 3 young (3072K), 3 survivors (3072K)
 Metaspace       used 59373K, capacity 61020K, committed 61176K, reserved 1101824K
  class space    used 8059K, capacity 8667K, committed 8780K, reserved 1048576K
}
Event: 34.662 GC heap before
{Heap before GC invocations=32 (full 0):
 garbage-first heap   total 91136K, used 75169K [0x0000000780000000, 0x0000000800000000)
  region size 1024K, 35 young (35840K), 3 survivors (3072K)
 Metaspace       used 59656K, capacity 61379K, committed 61688K, reserved 1101824K
  class space    used 8084K, capacity 8724K, committed 8780K, reserved 1048576K
}
Event: 34.669 GC heap after
{Heap after GC invocations=33 (full 0):
 garbage-first heap   total 109568K, used 43687K [0x0000000780000000, 0x0000000800000000)
  region size 1024K, 4 young (4096K), 4 survivors (4096K)
 Metaspace       used 59656K, capacity 61379K, committed 61688K, reserved 1101824K
  class space    used 8084K, capacity 8724K, committed 8780K, reserved 1048576K
}
Event: 36.580 GC heap before
{Heap before GC invocations=34 (full 0):
 garbage-first heap   total 109568K, used 89767K [0x0000000780000000, 0x0000000800000000)
  region size 1024K, 50 young (51200K), 4 survivors (4096K)
 Metaspace       used 61412K, capacity 63064K, committed 63224K, reserved 1103872K
  class space    used 8317K, capacity 8925K, committed 9036K, reserved 1048576K
}
Event: 36.593 GC heap after
{Heap after GC invocations=35 (full 0):
 garbage-first heap   total 109568K, used 44913K [0x0000000780000000, 0x0000000800000000)
  region size 1024K, 5 young (5120K), 5 survivors (5120K)
 Metaspace       used 61412K, capacity 63064K, committed 63224K, reserved 1103872K
  class space    used 8317K, capacity 8925K, committed 9036K, reserved 1048576K
}
Event: 44.882 GC heap before
{Heap before GC invocations=35 (full 0):
 garbage-first heap   total 109568K, used 89969K [0x0000000780000000, 0x0000000800000000)
  region size 1024K, 50 young (51200K), 5 survivors (5120K)
 Metaspace       used 65308K, capacity 66960K, committed 67320K, reserved 1107968K
  class space    used 8794K, capacity 9411K, committed 9548K, reserved 1048576K
}
Event: 44.894 GC heap after
{Heap after GC invocations=36 (full 0):
 garbage-first heap   total 109568K, used 48577K [0x0000000780000000, 0x0000000800000000)
  region size 1024K, 7 young (7168K), 7 survivors (7168K)
 Metaspace       used 65308K, capacity 66960K, committed 67320K, reserved 1107968K
  class space    used 8794K, capacity 9411K, committed 9548K, reserved 1048576K
}
Event: 67.646 GC heap before
{Heap before GC invocations=36 (full 0):
 garbage-first heap   total 109568K, used 88513K [0x0000000780000000, 0x0000000800000000)
  region size 1024K, 46 young (47104K), 7 survivors (7168K)
 Metaspace       used 65374K, capacity 67024K, committed 67320K, reserved 1107968K
  class space    used 8802K, capacity 9411K, committed 9548K, reserved 1048576K
}
Event: 67.658 GC heap after
{Heap after GC invocations=37 (full 0):
 garbage-first heap   total 109568K, used 48860K [0x0000000780000000, 0x0000000800000000)
  region size 1024K, 1 young (1024K), 1 survivors (1024K)
 Metaspace       used 65374K, capacity 67024K, committed 67320K, reserved 1107968K
  class space    used 8802K, capacity 9411K, committed 9548K, reserved 1048576K
}
Event: 92.314 GC heap before
{Heap before GC invocations=37 (full 0):
 garbage-first heap   total 109568K, used 89820K [0x0000000780000000, 0x0000000800000000)
  region size 1024K, 41 young (41984K), 1 survivors (1024K)
 Metaspace       used 65376K, capacity 67024K, committed 67320K, reserved 1107968K
  class space    used 8803K, capacity 9411K, committed 9548K, reserved 1048576K
}
Event: 92.316 GC heap after
{Heap after GC invocations=38 (full 0):
 garbage-first heap   total 109568K, used 48190K [0x0000000780000000, 0x0000000800000000)
  region size 1024K, 1 young (1024K), 1 survivors (1024K)
 Metaspace       used 65376K, capacity 67024K, committed 67320K, reserved 1107968K
  class space    used 8803K, capacity 9411K, committed 9548K, reserved 1048576K
}
Event: 117.842 GC heap before
{Heap before GC invocations=39 (full 0):
 garbage-first heap   total 109568K, used 90174K [0x0000000780000000, 0x0000000800000000)
  region size 1024K, 42 young (43008K), 1 survivors (1024K)
 Metaspace       used 65376K, capacity 67024K, committed 67320K, reserved 1107968K
  class space    used 8803K, capacity 9411K, committed 9548K, reserved 1048576K
}
Event: 117.845 GC heap after
{Heap after GC invocations=40 (full 0):
 garbage-first heap   total 109568K, used 47912K [0x0000000780000000, 0x0000000800000000)
  region size 1024K, 1 young (1024K), 1 survivors (1024K)
 Metaspace       used 65376K, capacity 67024K, committed 67320K, reserved 1107968K
  class space    used 8803K, capacity 9411K, committed 9548K, reserved 1048576K
}
Event: 119.079 GC heap before
{Heap before GC invocations=40 (full 0):
 garbage-first heap   total 109568K, used 89896K [0x0000000780000000, 0x0000000800000000)
  region size 1024K, 43 young (44032K), 1 survivors (1024K)
 Metaspace       used 67891K, capacity 69737K, committed 70008K, reserved 1110016K
  class space    used 9142K, capacity 9824K, committed 9932K, reserved 1048576K
}
Event: 119.090 GC heap after
{Heap after GC invocations=41 (full 0):
 garbage-first heap   total 109568K, used 51236K [0x0000000780000000, 0x0000000800000000)
  region size 1024K, 4 young (4096K), 4 survivors (4096K)
 Metaspace       used 67891K, capacity 69737K, committed 70008K, reserved 1110016K
  class space    used 9142K, capacity 9824K, committed 9932K, reserved 1048576K
}
Event: 140.671 GC heap before
{Heap before GC invocations=42 (full 0):
 garbage-first heap   total 109568K, used 89124K [0x0000000780000000, 0x0000000800000000)
  region size 1024K, 41 young (41984K), 4 survivors (4096K)
 Metaspace       used 67983K, capacity 69792K, committed 70008K, reserved 1110016K
  class space    used 9158K, capacity 9865K, committed 9932K, reserved 1048576K
}
Event: 140.678 GC heap after
{Heap after GC invocations=43 (full 0):
 garbage-first heap   total 109568K, used 51870K [0x0000000780000000, 0x0000000800000000)
  region size 1024K, 1 young (1024K), 1 survivors (1024K)
 Metaspace       used 67983K, capacity 69792K, committed 70008K, reserved 1110016K
  class space    used 9158K, capacity 9865K, committed 9932K, reserved 1048576K
}
Event: 164.811 GC heap before
{Heap before GC invocations=43 (full 0):
 garbage-first heap   total 109568K, used 90782K [0x0000000780000000, 0x0000000800000000)
  region size 1024K, 39 young (39936K), 1 survivors (1024K)
 Metaspace       used 67983K, capacity 69792K, committed 70008K, reserved 1110016K
  class space    used 9158K, capacity 9865K, committed 9932K, reserved 1048576K
}
Event: 164.815 GC heap after
{Heap after GC invocations=44 (full 0):
 garbage-first heap   total 109568K, used 51452K [0x0000000780000000, 0x0000000800000000)
  region size 1024K, 1 young (1024K), 1 survivors (1024K)
 Metaspace       used 67983K, capacity 69792K, committed 70008K, reserved 1110016K
  class space    used 9158K, capacity 9865K, committed 9932K, reserved 1048576K
}

