# JRE version: OpenJDK Runtime Environment (14.0.1+14) (build 14.0.1+14)
# Java VM: OpenJDK 64-Bit Server VM (14.0.1+14, mixed mode, sharing, tiered, compressed oops, g1 gc, bsd-amd64)
Heap:
 garbage-first heap   total 133120K, used 86231K [0x0000000780000000, 0x0000000800000000)
  region size 1024K, 78 young (79872K), 7 survivors (7168K)
 Metaspace       used 17608K, capacity 18902K, committed 19200K, reserved 1067008K
  class space    used 2303K, capacity 2472K, committed 2560K, reserved 1048576K
GC Heap History (9 events):
Event: 0.489 GC heap before
{Heap before GC invocations=0 (full 0):
 garbage-first heap   total 133120K, used 16184K [0x0000000780000000, 0x0000000800000000)
  region size 1024K, 13 young (13312K), 0 survivors (0K)
 Metaspace       used 2342K, capacity 5745K, committed 6016K, reserved 1056768K
  class space    used 275K, capacity 553K, committed 640K, reserved 1048576K
}
Event: 0.494 GC heap after
{Heap after GC invocations=1 (full 0):
 garbage-first heap   total 133120K, used 9368K [0x0000000780000000, 0x0000000800000000)
  region size 1024K, 2 young (2048K), 2 survivors (2048K)
 Metaspace       used 2342K, capacity 5745K, committed 6016K, reserved 1056768K
  class space    used 275K, capacity 553K, committed 640K, reserved 1048576K
}
Event: 0.670 GC heap before
{Heap before GC invocations=1 (full 0):
 garbage-first heap   total 133120K, used 20632K [0x0000000780000000, 0x0000000800000000)
  region size 1024K, 14 young (14336K), 2 survivors (2048K)
 Metaspace       used 3789K, capacity 6606K, committed 6912K, reserved 1056768K
  class space    used 476K, capacity 694K, committed 768K, reserved 1048576K
}
Event: 0.674 GC heap after
{Heap after GC invocations=2 (full 0):
 garbage-first heap   total 133120K, used 9798K [0x0000000780000000, 0x0000000800000000)
  region size 1024K, 1 young (1024K), 1 survivors (1024K)
 Metaspace       used 3789K, capacity 6606K, committed 6912K, reserved 1056768K
  class space    used 476K, capacity 694K, committed 768K, reserved 1048576K
}
Event: 0.684 GC heap before
{Heap before GC invocations=2 (full 0):
 garbage-first heap   total 133120K, used 33350K [0x0000000780000000, 0x0000000800000000)
  region size 1024K, 25 young (25600K), 1 survivors (1024K)
 Metaspace       used 3789K, capacity 6606K, committed 6912K, reserved 1056768K
  class space    used 476K, capacity 694K, committed 768K, reserved 1048576K
}
Event: 0.685 GC heap after
{Heap after GC invocations=3 (full 0):
 garbage-first heap   total 133120K, used 9819K [0x0000000780000000, 0x0000000800000000)
  region size 1024K, 1 young (1024K), 1 survivors (1024K)
 Metaspace       used 3789K, capacity 6606K, committed 6912K, reserved 1056768K
  class space    used 476K, capacity 694K, committed 768K, reserved 1048576K
}
Event: 7.725 GC heap before
{Heap before GC invocations=3 (full 0):
 garbage-first heap   total 133120K, used 85595K [0x0000000780000000, 0x0000000800000000)
  region size 1024K, 76 young (77824K), 1 survivors (1024K)
 Metaspace       used 16530K, capacity 17876K, committed 18048K, reserved 1064960K
  class space    used 2180K, capacity 2363K, committed 2432K, reserved 1048576K
}
Event: 7.740 GC heap after
{Heap after GC invocations=4 (full 0):
 garbage-first heap   total 133120K, used 13527K [0x0000000780000000, 0x0000000800000000)
  region size 1024K, 5 young (5120K), 5 survivors (5120K)
 Metaspace       used 16530K, capacity 17876K, committed 18048K, reserved 1064960K
  class space    used 2180K, capacity 2363K, committed 2432K, reserved 1048576K
}
Event: 8.522 GC heap before
{Heap before GC invocations=4 (full 0):
 garbage-first heap   total 133120K, used 85207K [0x0000000780000000, 0x0000000800000000)
  region size 1024K, 76 young (77824K), 5 survivors (5120K)
 Metaspace       used 17608K, capacity 18902K, committed 19200K, reserved 1067008K
  class space    used 2303K, capacity 2472K, committed 2560K, reserved 1048576K
}

