# JRE version: OpenJDK Runtime Environment (14.0.1+14) (build 14.0.1+14)
# Java VM: OpenJDK 64-Bit Server VM (14.0.1+14, mixed mode, sharing, tiered, compressed oops, g1 gc, bsd-amd64)
Heap:
 garbage-first heap   total 147456K, used 69459K [0x0000000780000000, 0x0000000800000000)
  region size 1024K, 4 young (4096K), 3 survivors (3072K)
 Metaspace       used 76338K, capacity 78473K, committed 78788K, reserved 1118208K
  class space    used 9933K, capacity 10735K, committed 10752K, reserved 1048576K
GC Heap History (20 events):
Event: 475.793 GC heap before
{Heap before GC invocations=49 (full 1):
 garbage-first heap   total 147456K, used 123560K [0x0000000780000000, 0x0000000800000000)
  region size 1024K, 67 young (68608K), 5 survivors (5120K)
 Metaspace       used 73274K, capacity 75394K, committed 75460K, reserved 1114112K
  class space    used 9693K, capacity 10484K, committed 10496K, reserved 1048576K
}
Event: 475.798 GC heap after
{Heap after GC invocations=50 (full 1):
 garbage-first heap   total 147456K, used 60115K [0x0000000780000000, 0x0000000800000000)
  region size 1024K, 5 young (5120K), 5 survivors (5120K)
 Metaspace       used 73274K, capacity 75394K, committed 75460K, reserved 1114112K
  class space    used 9693K, capacity 10484K, committed 10496K, reserved 1048576K
}
Event: 492.986 GC heap before
{Heap before GC invocations=50 (full 1):
 garbage-first heap   total 147456K, used 89811K [0x0000000780000000, 0x0000000800000000)
  region size 1024K, 35 young (35840K), 5 survivors (5120K)
 Metaspace       used 73277K, capacity 75400K, committed 75460K, reserved 1114112K
  class space    used 9693K, capacity 10486K, committed 10496K, reserved 1048576K
}
Event: 493.159 GC heap after
{Heap after GC invocations=51 (full 2):
 garbage-first heap   total 147456K, used 51172K [0x0000000780000000, 0x0000000800000000)
  region size 1024K, 0 young (0K), 0 survivors (0K)
 Metaspace       used 73277K, capacity 75400K, committed 75460K, reserved 1114112K
  class space    used 9693K, capacity 10486K, committed 10496K, reserved 1048576K
}
Event: 499.010 GC heap before
{Heap before GC invocations=51 (full 2):
 garbage-first heap   total 147456K, used 124900K [0x0000000780000000, 0x0000000800000000)
  region size 1024K, 72 young (73728K), 0 survivors (0K)
 Metaspace       used 73732K, capacity 75884K, committed 76100K, reserved 1114112K
  class space    used 9750K, capacity 10561K, committed 10624K, reserved 1048576K
}
Event: 499.016 GC heap after
{Heap after GC invocations=52 (full 2):
 garbage-first heap   total 147456K, used 55693K [0x0000000780000000, 0x0000000800000000)
  region size 1024K, 5 young (5120K), 5 survivors (5120K)
 Metaspace       used 73732K, capacity 75884K, committed 76100K, reserved 1114112K
  class space    used 9750K, capacity 10561K, committed 10624K, reserved 1048576K
}
Event: 499.431 GC heap before
{Heap before GC invocations=52 (full 2):
 garbage-first heap   total 147456K, used 121229K [0x0000000780000000, 0x0000000800000000)
  region size 1024K, 70 young (71680K), 5 survivors (5120K)
 Metaspace       used 74174K, capacity 76376K, committed 76612K, reserved 1116160K
  class space    used 9790K, capacity 10597K, committed 10624K, reserved 1048576K
}
Event: 499.436 GC heap after
{Heap after GC invocations=53 (full 2):
 garbage-first heap   total 147456K, used 54845K [0x0000000780000000, 0x0000000800000000)
  region size 1024K, 4 young (4096K), 4 survivors (4096K)
 Metaspace       used 74174K, capacity 76376K, committed 76612K, reserved 1116160K
  class space    used 9790K, capacity 10597K, committed 10624K, reserved 1048576K
}
Event: 500.114 GC heap before
{Heap before GC invocations=53 (full 2):
 garbage-first heap   total 147456K, used 120381K [0x0000000780000000, 0x0000000800000000)
  region size 1024K, 69 young (70656K), 4 survivors (4096K)
 Metaspace       used 74934K, capacity 77098K, committed 77252K, reserved 1116160K
  class space    used 9842K, capacity 10665K, committed 10752K, reserved 1048576K
}
Event: 500.125 GC heap after
{Heap after GC invocations=54 (full 2):
 garbage-first heap   total 147456K, used 59057K [0x0000000780000000, 0x0000000800000000)
  region size 1024K, 8 young (8192K), 8 survivors (8192K)
 Metaspace       used 74934K, capacity 77098K, committed 77252K, reserved 1116160K
  class space    used 9842K, capacity 10665K, committed 10752K, reserved 1048576K
}
Event: 500.670 GC heap before
{Heap before GC invocations=54 (full 2):
 garbage-first heap   total 147456K, used 120497K [0x0000000780000000, 0x0000000800000000)
  region size 1024K, 68 young (69632K), 8 survivors (8192K)
 Metaspace       used 75368K, capacity 77521K, committed 77764K, reserved 1116160K
  class space    used 9874K, capacity 10698K, committed 10752K, reserved 1048576K
}
Event: 500.683 GC heap after
{Heap after GC invocations=55 (full 2):
 garbage-first heap   total 147456K, used 62428K [0x0000000780000000, 0x0000000800000000)
  region size 1024K, 8 young (8192K), 8 survivors (8192K)
 Metaspace       used 75368K, capacity 77521K, committed 77764K, reserved 1116160K
  class space    used 9874K, capacity 10698K, committed 10752K, reserved 1048576K
}
Event: 501.310 GC heap before
{Heap before GC invocations=55 (full 2):
 garbage-first heap   total 147456K, used 119772K [0x0000000780000000, 0x0000000800000000)
  region size 1024K, 64 young (65536K), 8 survivors (8192K)
 Metaspace       used 75661K, capacity 77789K, committed 78020K, reserved 1116160K
  class space    used 9891K, capacity 10700K, committed 10752K, reserved 1048576K
}
Event: 501.322 GC heap after
{Heap after GC invocations=56 (full 2):
 garbage-first heap   total 147456K, used 65141K [0x0000000780000000, 0x0000000800000000)
  region size 1024K, 7 young (7168K), 7 survivors (7168K)
 Metaspace       used 75661K, capacity 77789K, committed 78020K, reserved 1116160K
  class space    used 9891K, capacity 10700K, committed 10752K, reserved 1048576K
}
Event: 501.743 GC heap before
{Heap before GC invocations=56 (full 2):
 garbage-first heap   total 147456K, used 118389K [0x0000000780000000, 0x0000000800000000)
  region size 1024K, 59 young (60416K), 7 survivors (7168K)
 Metaspace       used 75988K, capacity 78147K, committed 78276K, reserved 1116160K
  class space    used 9910K, capacity 10733K, committed 10752K, reserved 1048576K
}
Event: 501.765 GC heap after
{Heap after GC invocations=57 (full 2):
 garbage-first heap   total 147456K, used 67673K [0x0000000780000000, 0x0000000800000000)
  region size 1024K, 6 young (6144K), 6 survivors (6144K)
 Metaspace       used 75988K, capacity 78147K, committed 78276K, reserved 1116160K
  class space    used 9910K, capacity 10733K, committed 10752K, reserved 1048576K
}
Event: 511.913 GC heap before
{Heap before GC invocations=57 (full 2):
 garbage-first heap   total 147456K, used 119897K [0x0000000780000000, 0x0000000800000000)
  region size 1024K, 57 young (58368K), 6 survivors (6144K)
 Metaspace       used 76338K, capacity 78473K, committed 78788K, reserved 1118208K
  class space    used 9933K, capacity 10735K, committed 10752K, reserved 1048576K
}
Event: 511.935 GC heap after
{Heap after GC invocations=58 (full 2):
 garbage-first heap   total 147456K, used 69318K [0x0000000780000000, 0x0000000800000000)
  region size 1024K, 5 young (5120K), 5 survivors (5120K)
 Metaspace       used 76338K, capacity 78473K, committed 78788K, reserved 1118208K
  class space    used 9933K, capacity 10735K, committed 10752K, reserved 1048576K
}
Event: 540.398 GC heap before
{Heap before GC invocations=58 (full 2):
 garbage-first heap   total 147456K, used 119494K [0x0000000780000000, 0x0000000800000000)
  region size 1024K, 54 young (55296K), 5 survivors (5120K)
 Metaspace       used 76338K, capacity 78473K, committed 78788K, reserved 1118208K
  class space    used 9933K, capacity 10735K, committed 10752K, reserved 1048576K
}
Event: 540.404 GC heap after
{Heap after GC invocations=59 (full 2):
 garbage-first heap   total 147456K, used 69459K [0x0000000780000000, 0x0000000800000000)
  region size 1024K, 3 young (3072K), 3 survivors (3072K)
 Metaspace       used 76338K, capacity 78473K, committed 78788K, reserved 1118208K
  class space    used 9933K, capacity 10735K, committed 10752K, reserved 1048576K
}

