# JRE version: OpenJDK Runtime Environment (14.0.1+14) (build 14.0.1+14)
# Java VM: OpenJDK 64-Bit Server VM (14.0.1+14, mixed mode, sharing, tiered, compressed oops, g1 gc, bsd-amd64)
Heap:
 garbage-first heap   total 384000K, used 300288K [0x0000000780000000, 0x0000000800000000)
  region size 1024K, 144 young (147456K), 5 survivors (5120K)
 Metaspace       used 123089K, capacity 126725K, committed 127096K, reserved 1161216K
  class space    used 13675K, capacity 15002K, committed 15104K, reserved 1048576K
GC Heap History (20 events):
Event: 3894.925 GC heap before
{Heap before GC invocations=214 (full 16):
 garbage-first heap   total 384000K, used 324153K [0x0000000780000000, 0x0000000800000000)
  region size 1024K, 166 young (169984K), 5 survivors (5120K)
 Metaspace       used 123089K, capacity 126725K, committed 127096K, reserved 1161216K
  class space    used 13675K, capacity 15002K, committed 15104K, reserved 1048576K
}
Event: 3894.933 GC heap after
{Heap after GC invocations=215 (full 16):
 garbage-first heap   total 384000K, used 158777K [0x0000000780000000, 0x0000000800000000)
  region size 1024K, 4 young (4096K), 4 survivors (4096K)
 Metaspace       used 123089K, capacity 126725K, committed 127096K, reserved 1161216K
  class space    used 13675K, capacity 15002K, committed 15104K, reserved 1048576K
}
Event: 3995.664 GC heap before
{Heap before GC invocations=215 (full 16):
 garbage-first heap   total 384000K, used 327737K [0x0000000780000000, 0x0000000800000000)
  region size 1024K, 169 young (173056K), 4 survivors (4096K)
 Metaspace       used 123089K, capacity 126725K, committed 127096K, reserved 1161216K
  class space    used 13675K, capacity 15002K, committed 15104K, reserved 1048576K
}
Event: 3995.675 GC heap after
{Heap after GC invocations=216 (full 16):
 garbage-first heap   total 384000K, used 159196K [0x0000000780000000, 0x0000000800000000)
  region size 1024K, 5 young (5120K), 5 survivors (5120K)
 Metaspace       used 123089K, capacity 126725K, committed 127096K, reserved 1161216K
  class space    used 13675K, capacity 15002K, committed 15104K, reserved 1048576K
}
Event: 4097.585 GC heap before
{Heap before GC invocations=216 (full 16):
 garbage-first heap   total 384000K, used 330204K [0x0000000780000000, 0x0000000800000000)
  region size 1024K, 172 young (176128K), 5 survivors (5120K)
 Metaspace       used 123089K, capacity 126725K, committed 127096K, reserved 1161216K
  class space    used 13675K, capacity 15002K, committed 15104K, reserved 1048576K
}
Event: 4097.610 GC heap after
{Heap after GC invocations=217 (full 16):
 garbage-first heap   total 384000K, used 159171K [0x0000000780000000, 0x0000000800000000)
  region size 1024K, 5 young (5120K), 5 survivors (5120K)
 Metaspace       used 123089K, capacity 126725K, committed 127096K, reserved 1161216K
  class space    used 13675K, capacity 15002K, committed 15104K, reserved 1048576K
}
Event: 4203.055 GC heap before
{Heap before GC invocations=217 (full 16):
 garbage-first heap   total 384000K, used 331203K [0x0000000780000000, 0x0000000800000000)
  region size 1024K, 173 young (177152K), 5 survivors (5120K)
 Metaspace       used 123089K, capacity 126725K, committed 127096K, reserved 1161216K
  class space    used 13675K, capacity 15002K, committed 15104K, reserved 1048576K
}
Event: 4203.062 GC heap after
{Heap after GC invocations=218 (full 16):
 garbage-first heap   total 384000K, used 158741K [0x0000000780000000, 0x0000000800000000)
  region size 1024K, 4 young (4096K), 4 survivors (4096K)
 Metaspace       used 123089K, capacity 126725K, committed 127096K, reserved 1161216K
  class space    used 13675K, capacity 15002K, committed 15104K, reserved 1048576K
}
Event: 4304.033 GC heap before
{Heap before GC invocations=218 (full 16):
 garbage-first heap   total 384000K, used 333845K [0x0000000780000000, 0x0000000800000000)
  region size 1024K, 175 young (179200K), 4 survivors (4096K)
 Metaspace       used 123089K, capacity 126725K, committed 127096K, reserved 1161216K
  class space    used 13675K, capacity 15002K, committed 15104K, reserved 1048576K
}
Event: 4304.043 GC heap after
{Heap after GC invocations=219 (full 16):
 garbage-first heap   total 384000K, used 158777K [0x0000000780000000, 0x0000000800000000)
  region size 1024K, 4 young (4096K), 4 survivors (4096K)
 Metaspace       used 123089K, capacity 126725K, committed 127096K, reserved 1161216K
  class space    used 13675K, capacity 15002K, committed 15104K, reserved 1048576K
}
Event: 4410.386 GC heap before
{Heap before GC invocations=219 (full 16):
 garbage-first heap   total 384000K, used 334905K [0x0000000780000000, 0x0000000800000000)
  region size 1024K, 176 young (180224K), 4 survivors (4096K)
 Metaspace       used 123089K, capacity 126725K, committed 127096K, reserved 1161216K
  class space    used 13675K, capacity 15002K, committed 15104K, reserved 1048576K
}
Event: 4410.430 GC heap after
{Heap after GC invocations=220 (full 16):
 garbage-first heap   total 384000K, used 158715K [0x0000000780000000, 0x0000000800000000)
  region size 1024K, 4 young (4096K), 4 survivors (4096K)
 Metaspace       used 123089K, capacity 126725K, committed 127096K, reserved 1161216K
  class space    used 13675K, capacity 15002K, committed 15104K, reserved 1048576K
}
Event: 4518.191 GC heap before
{Heap before GC invocations=220 (full 16):
 garbage-first heap   total 384000K, used 335867K [0x0000000780000000, 0x0000000800000000)
  region size 1024K, 177 young (181248K), 4 survivors (4096K)
 Metaspace       used 123089K, capacity 126725K, committed 127096K, reserved 1161216K
  class space    used 13675K, capacity 15002K, committed 15104K, reserved 1048576K
}
Event: 4518.202 GC heap after
{Heap after GC invocations=221 (full 16):
 garbage-first heap   total 384000K, used 158963K [0x0000000780000000, 0x0000000800000000)
  region size 1024K, 5 young (5120K), 5 survivors (5120K)
 Metaspace       used 123089K, capacity 126725K, committed 127096K, reserved 1161216K
  class space    used 13675K, capacity 15002K, committed 15104K, reserved 1048576K
}
Event: 4623.800 GC heap before
{Heap before GC invocations=221 (full 16):
 garbage-first heap   total 384000K, used 335091K [0x0000000780000000, 0x0000000800000000)
  region size 1024K, 177 young (181248K), 5 survivors (5120K)
 Metaspace       used 123089K, capacity 126725K, committed 127096K, reserved 1161216K
  class space    used 13675K, capacity 15002K, committed 15104K, reserved 1048576K
}
Event: 4623.808 GC heap after
{Heap after GC invocations=222 (full 16):
 garbage-first heap   total 384000K, used 158706K [0x0000000780000000, 0x0000000800000000)
  region size 1024K, 4 young (4096K), 4 survivors (4096K)
 Metaspace       used 123089K, capacity 126725K, committed 127096K, reserved 1161216K
  class space    used 13675K, capacity 15002K, committed 15104K, reserved 1048576K
}
Event: 4731.947 GC heap before
{Heap before GC invocations=222 (full 16):
 garbage-first heap   total 384000K, used 336882K [0x0000000780000000, 0x0000000800000000)
  region size 1024K, 178 young (182272K), 4 survivors (4096K)
 Metaspace       used 123089K, capacity 126725K, committed 127096K, reserved 1161216K
  class space    used 13675K, capacity 15002K, committed 15104K, reserved 1048576K
}
Event: 4731.968 GC heap after
{Heap after GC invocations=223 (full 16):
 garbage-first heap   total 384000K, used 159332K [0x0000000780000000, 0x0000000800000000)
  region size 1024K, 5 young (5120K), 5 survivors (5120K)
 Metaspace       used 123089K, capacity 126725K, committed 127096K, reserved 1161216K
  class space    used 13675K, capacity 15002K, committed 15104K, reserved 1048576K
}
Event: 4836.110 GC heap before
{Heap before GC invocations=223 (full 16):
 garbage-first heap   total 384000K, used 335460K [0x0000000780000000, 0x0000000800000000)
  region size 1024K, 177 young (181248K), 5 survivors (5120K)
 Metaspace       used 123089K, capacity 126725K, committed 127096K, reserved 1161216K
  class space    used 13675K, capacity 15002K, committed 15104K, reserved 1048576K
}
Event: 4836.135 GC heap after
{Heap after GC invocations=224 (full 16):
 garbage-first heap   total 384000K, used 158976K [0x0000000780000000, 0x0000000800000000)
  region size 1024K, 5 young (5120K), 5 survivors (5120K)
 Metaspace       used 123089K, capacity 126725K, committed 127096K, reserved 1161216K
  class space    used 13675K, capacity 15002K, committed 15104K, reserved 1048576K
}

