# JRE version: OpenJDK Runtime Environment (14.0.1+14) (build 14.0.1+14)
# Java VM: OpenJDK 64-Bit Server VM (14.0.1+14, mixed mode, sharing, tiered, compressed oops, g1 gc, bsd-amd64)
Heap:
 garbage-first heap   total 141312K, used 66596K [0x0000000780000000, 0x0000000800000000)
  region size 1024K, 21 young (21504K), 3 survivors (3072K)
 Metaspace       used 65930K, capacity 67665K, committed 67980K, reserved 1107968K
  class space    used 8833K, capacity 9475K, committed 9548K, reserved 1048576K
GC Heap History (20 events):
Event: 15.070 GC heap before
{Heap before GC invocations=20 (full 0):
 garbage-first heap   total 78848K, used 60074K [0x0000000780000000, 0x0000000800000000)
  region size 1024K, 30 young (30720K), 4 survivors (4096K)
 Metaspace       used 49798K, capacity 51056K, committed 51192K, reserved 1093632K
  class space    used 6611K, capacity 7112K, committed 7244K, reserved 1048576K
}
Event: 15.078 GC heap after
{Heap after GC invocations=21 (full 0):
 garbage-first heap   total 95232K, used 36345K [0x0000000780000000, 0x0000000800000000)
  region size 1024K, 4 young (4096K), 4 survivors (4096K)
 Metaspace       used 49798K, capacity 51056K, committed 51192K, reserved 1093632K
  class space    used 6611K, capacity 7112K, committed 7244K, reserved 1048576K
}
Event: 15.659 GC heap before
{Heap before GC invocations=21 (full 0):
 garbage-first heap   total 95232K, used 73209K [0x0000000780000000, 0x0000000800000000)
  region size 1024K, 41 young (41984K), 4 survivors (4096K)
 Metaspace       used 52979K, capacity 54250K, committed 54392K, reserved 1095680K
  class space    used 7035K, capacity 7532K, committed 7628K, reserved 1048576K
}
Event: 15.674 GC heap after
{Heap after GC invocations=22 (full 0):
 garbage-first heap   total 95232K, used 39213K [0x0000000780000000, 0x0000000800000000)
  region size 1024K, 5 young (5120K), 5 survivors (5120K)
 Metaspace       used 52979K, capacity 54250K, committed 54392K, reserved 1095680K
  class space    used 7035K, capacity 7532K, committed 7628K, reserved 1048576K
}
Event: 16.271 GC heap before
{Heap before GC invocations=22 (full 0):
 garbage-first heap   total 95232K, used 74029K [0x0000000780000000, 0x0000000800000000)
  region size 1024K, 39 young (39936K), 5 survivors (5120K)
 Metaspace       used 55128K, capacity 56483K, committed 56568K, reserved 1097728K
  class space    used 7455K, capacity 7992K, committed 8012K, reserved 1048576K
}
Event: 16.283 GC heap after
{Heap after GC invocations=23 (full 0):
 garbage-first heap   total 95232K, used 40671K [0x0000000780000000, 0x0000000800000000)
  region size 1024K, 2 young (2048K), 2 survivors (2048K)
 Metaspace       used 55128K, capacity 56483K, committed 56568K, reserved 1097728K
  class space    used 7455K, capacity 7992K, committed 8012K, reserved 1048576K
}
Event: 16.503 GC heap before
{Heap before GC invocations=23 (full 0):
 garbage-first heap   total 95232K, used 75487K [0x0000000780000000, 0x0000000800000000)
  region size 1024K, 36 young (36864K), 2 survivors (2048K)
 Metaspace       used 55390K, capacity 56795K, committed 56952K, reserved 1097728K
  class space    used 7472K, capacity 8029K, committed 8140K, reserved 1048576K
}
Event: 16.506 GC heap after
{Heap after GC invocations=24 (full 0):
 garbage-first heap   total 95232K, used 40562K [0x0000000780000000, 0x0000000800000000)
  region size 1024K, 2 young (2048K), 2 survivors (2048K)
 Metaspace       used 55390K, capacity 56795K, committed 56952K, reserved 1097728K
  class space    used 7472K, capacity 8029K, committed 8140K, reserved 1048576K
}
Event: 17.017 GC heap before
{Heap before GC invocations=24 (full 0):
 garbage-first heap   total 95232K, used 76402K [0x0000000780000000, 0x0000000800000000)
  region size 1024K, 37 young (37888K), 2 survivors (2048K)
 Metaspace       used 57515K, capacity 58957K, committed 59256K, reserved 1099776K
  class space    used 7770K, capacity 8304K, committed 8396K, reserved 1048576K
}
Event: 17.023 GC heap after
{Heap after GC invocations=25 (full 0):
 garbage-first heap   total 95232K, used 41733K [0x0000000780000000, 0x0000000800000000)
  region size 1024K, 3 young (3072K), 3 survivors (3072K)
 Metaspace       used 57515K, capacity 58957K, committed 59256K, reserved 1099776K
  class space    used 7770K, capacity 8304K, committed 8396K, reserved 1048576K
}
Event: 17.472 GC heap before
{Heap before GC invocations=25 (full 0):
 garbage-first heap   total 95232K, used 77573K [0x0000000780000000, 0x0000000800000000)
  region size 1024K, 38 young (38912K), 3 survivors (3072K)
 Metaspace       used 59757K, capacity 61380K, committed 61688K, reserved 1101824K
  class space    used 8077K, capacity 8685K, committed 8780K, reserved 1048576K
}
Event: 17.481 GC heap after
{Heap after GC invocations=26 (full 0):
 garbage-first heap   total 114688K, used 43518K [0x0000000780000000, 0x0000000800000000)
  region size 1024K, 5 young (5120K), 5 survivors (5120K)
 Metaspace       used 59757K, capacity 61380K, committed 61688K, reserved 1101824K
  class space    used 8077K, capacity 8685K, committed 8780K, reserved 1048576K
}
Event: 17.875 GC heap before
{Heap before GC invocations=26 (full 0):
 garbage-first heap   total 114688K, used 91646K [0x0000000780000000, 0x0000000800000000)
  region size 1024K, 52 young (53248K), 5 survivors (5120K)
 Metaspace       used 60170K, capacity 61839K, committed 61944K, reserved 1101824K
  class space    used 8114K, capacity 8751K, committed 8780K, reserved 1048576K
}
Event: 17.885 GC heap after
{Heap after GC invocations=27 (full 0):
 garbage-first heap   total 114688K, used 44757K [0x0000000780000000, 0x0000000800000000)
  region size 1024K, 5 young (5120K), 5 survivors (5120K)
 Metaspace       used 60170K, capacity 61839K, committed 61944K, reserved 1101824K
  class space    used 8114K, capacity 8751K, committed 8780K, reserved 1048576K
}
Event: 18.165 GC heap before
{Heap before GC invocations=27 (full 0):
 garbage-first heap   total 114688K, used 92885K [0x0000000780000000, 0x0000000800000000)
  region size 1024K, 52 young (53248K), 5 survivors (5120K)
 Metaspace       used 60497K, capacity 62174K, committed 62200K, reserved 1103872K
  class space    used 8133K, capacity 8754K, committed 8780K, reserved 1048576K
}
Event: 18.176 GC heap after
{Heap after GC invocations=28 (full 0):
 garbage-first heap   total 114688K, used 47087K [0x0000000780000000, 0x0000000800000000)
  region size 1024K, 6 young (6144K), 6 survivors (6144K)
 Metaspace       used 60497K, capacity 62174K, committed 62200K, reserved 1103872K
  class space    used 8133K, capacity 8754K, committed 8780K, reserved 1048576K
}
Event: 18.676 GC heap before
{Heap before GC invocations=28 (full 0):
 garbage-first heap   total 114688K, used 92143K [0x0000000780000000, 0x0000000800000000)
  region size 1024K, 50 young (51200K), 6 survivors (6144K)
 Metaspace       used 62748K, capacity 64473K, committed 64632K, reserved 1105920K
  class space    used 8420K, capacity 9053K, committed 9164K, reserved 1048576K
}
Event: 18.692 GC heap after
{Heap after GC invocations=29 (full 0):
 garbage-first heap   total 114688K, used 48615K [0x0000000780000000, 0x0000000800000000)
  region size 1024K, 4 young (4096K), 4 survivors (4096K)
 Metaspace       used 62748K, capacity 64473K, committed 64632K, reserved 1105920K
  class space    used 8420K, capacity 9053K, committed 9164K, reserved 1048576K
}
Event: 18.934 GC heap before
{Heap before GC invocations=29 (full 0):
 garbage-first heap   total 114688K, used 60903K [0x0000000780000000, 0x0000000800000000)
  region size 1024K, 17 young (17408K), 4 survivors (4096K)
 Metaspace       used 64010K, capacity 65666K, committed 65784K, reserved 1105920K
  class space    used 8593K, capacity 9216K, committed 9292K, reserved 1048576K
}
Event: 18.942 GC heap after
{Heap after GC invocations=30 (full 0):
 garbage-first heap   total 141312K, used 49188K [0x0000000780000000, 0x0000000800000000)
  region size 1024K, 3 young (3072K), 3 survivors (3072K)
 Metaspace       used 64010K, capacity 65666K, committed 65784K, reserved 1105920K
  class space    used 8593K, capacity 9216K, committed 9292K, reserved 1048576K
}

